#
# A fatal error has been detected by the Java Runtime Environment:
#
#  EXCEPTION_ACCESS_VIOLATION (0xc0000005) at pc=0x00007ff81a5314b7, pid=7244, tid=7132
#
# JRE version: OpenJDK Runtime Environment (21.0.9) (build 21.0.9+-14649483-b1163.86)
# Java VM: OpenJDK 64-Bit Server VM (21.0.9+-14649483-b1163.86, mixed mode, tiered, compressed oops, compressed class ptrs, g1 gc, windows-amd64)
# Problematic frame:
# V  [jvm.dll+0x1e14b7]
#
# No core dump will be written. Minidumps are not enabled by default on client versions of Windows
#
# If you would like to submit a bug report, please visit:
#   https://youtrack.jetbrains.com/issues/JBR
#

---------------  S U M M A R Y ------------

Command Line: --add-opens=java.base/java.lang=ALL-UNNAMED --add-opens=java.base/java.lang.invoke=ALL-UNNAMED --add-opens=java.base/java.util=ALL-UNNAMED --add-opens=java.prefs/java.util.prefs=ALL-UNNAMED --add-exports=jdk.compiler/com.sun.tools.javac.api=ALL-UNNAMED --add-exports=jdk.compiler/com.sun.tools.javac.util=ALL-UNNAMED --add-opens=java.base/java.util=ALL-UNNAMED --add-opens=java.prefs/java.util.prefs=ALL-UNNAMED --add-opens=java.base/java.nio.charset=ALL-UNNAMED --add-opens=java.base/java.net=ALL-UNNAMED --add-opens=java.base/java.util.concurrent=ALL-UNNAMED --add-opens=java.base/java.util.concurrent.atomic=ALL-UNNAMED --add-opens=java.xml/javax.xml.namespace=ALL-UNNAMED --add-opens=java.base/java.time=ALL-UNNAMED -Xmx2048m -Dfile.encoding=UTF-8 -Duser.country=US -Duser.language=en -Duser.variant -javaagent:C:\Users\Alvin Brandon\.gradle\wrapper\dists\gradle-9.3.1-bin\23ovyewtku6u96viwx3xl3oks\gradle-9.3.1\lib\agents\gradle-instrumentation-agent-9.3.1.jar org.gradle.launcher.daemon.bootstrap.GradleDaemon 9.3.1

Host: 11th Gen Intel(R) Core(TM) i3-1115G4 @ 3.00GHz, 4 cores, 7G,  Windows 11 , 64 bit Build 22621 (10.0.22621.5415)
Time: Mon May 11 01:29:18 2026 E. Africa Standard Time elapsed time: 6.599988 seconds (0d 0h 0m 6s)

---------------  T H R E A D  ---------------

Current thread (0x000001d7a431d550):  JavaThread "C2 CompilerThread0" daemon [_thread_in_native, id=7132, stack(0x0000001afcc00000,0x0000001afcd00000) (1024K)]


Current CompileTask:
C2:6600 4401   !   4       java.lang.ClassLoader::loadClass (121 bytes)

Stack: [0x0000001afcc00000,0x0000001afcd00000],  sp=0x0000001afccfcb60,  free space=1010k
Native frames: (J=compiled Java code, j=interpreted, Vv=VM code, C=native code)
V  [jvm.dll+0x1e14b7]
V  [jvm.dll+0x1dfb4f]
V  [jvm.dll+0x2495b4]
V  [jvm.dll+0x248a31]
V  [jvm.dll+0x1c7344]
V  [jvm.dll+0x2581ae]
V  [jvm.dll+0x2566f6]
V  [jvm.dll+0x3f48a6]
V  [jvm.dll+0x80f118]
V  [jvm.dll+0x6d54ed]
C  [ucrtbase.dll+0x29333]
C  [KERNEL32.DLL+0x1259d]
C  [ntdll.dll+0x5af78]


siginfo: EXCEPTION_ACCESS_VIOLATION (0xc0000005), reading address 0x000001d82e647fb0


Registers:
RAX=0x000001d7ad267fc0, RBX=0x0000000020000000, RCX=0x000001d7ad267fc0, RDX=0x0000000000003460
RSP=0x0000001afccfcb60, RBP=0x0000001afccfcc70, RSI=0x0000000000006828, RDI=0x000000000000bfbc
R8 =0x00000000000033aa, R9 =0x000001d7ae647fb0, R10=0x0000001afccfd090, R11=0x0000000000002fef
R12=0x000001d7a96cd020, R13=0x000001d7a96cd3f8, R14=0x00000000000003d8, R15=0x000001d7a96cd010
RIP=0x00007ff81a5314b7, EFLAGS=0x0000000000010283

XMM[0]=0x0000000000000000 0x0000000000000000
XMM[1]=0x0000000000000000 0x0000000000000000
XMM[2]=0x0000000000000000 0x3f1b981740000000
XMM[3]=0x0000000000000000 0x3fc435e507600000
XMM[4]=0x0000000000000000 0x0000000000000000
XMM[5]=0x000001d7ad28c108 0x000001d7aa3dd6c0
XMM[6]=0x0000000000000000 0x0000000000000000
XMM[7]=0x0000000000000000 0x0000000000000000
XMM[8]=0x0000000000000000 0x0000000000000000
XMM[9]=0x0000000000000000 0x0000000000000000
XMM[10]=0x0000000000000000 0x0000000000000000
XMM[11]=0x0000000000000000 0x0000000000000000
XMM[12]=0x0000000000000000 0x0000000000000000
XMM[13]=0x0000000000000000 0x0000000000000000
XMM[14]=0x0000000000000000 0x0000000000000000
XMM[15]=0x0000000000000000 0x0000000000000000
  MXCSR=0x00001fa0


Register to memory mapping:

RAX=0x000001d7ad267fc0 points into unknown readable memory: 0x0000000000000000 | 00 00 00 00 00 00 00 00
RBX=0x0000000020000000 is an unknown value
RCX=0x000001d7ad267fc0 points into unknown readable memory: 0x0000000000000000 | 00 00 00 00 00 00 00 00
RDX=0x0000000000003460 is an unknown value
RSP=0x0000001afccfcb60 is pointing into the stack for thread: 0x000001d7a431d550
RBP=0x0000001afccfcc70 is pointing into the stack for thread: 0x000001d7a431d550
RSI=0x0000000000006828 is an unknown value
RDI=0x000000000000bfbc is an unknown value
R8 =0x00000000000033aa is an unknown value
R9 =0x000001d7ae647fb0 points into unknown readable memory: 0x0000000100000000 | 00 00 00 00 01 00 00 00
R10=0x0000001afccfd090 is pointing into the stack for thread: 0x000001d7a431d550
R11=0x0000000000002fef is an unknown value
R12=0x000001d7a96cd020 points into unknown readable memory: 0x0000000400000002 | 02 00 00 00 04 00 00 00
R13=0x000001d7a96cd3f8 points into unknown readable memory: 0x88000965e8cc07a0 | a0 07 cc e8 65 09 00 88
R14=0x00000000000003d8 is an unknown value
R15=0x000001d7a96cd010 points into unknown readable memory: 0x000001d7ac2ec040 | 40 c0 2e ac d7 01 00 00

Top of Stack: (sp=0x0000001afccfcb60)
0x0000001afccfcb60:   0000001afccfd090 00007ff81a52fb4f
0x0000001afccfcb70:   0000001afccfcfb0 0000000000000000
0x0000001afccfcb80:   0000000000000000 000001d7a96cd010
0x0000001afccfcb90:   000000000000c800 000000000000000e
0x0000001afccfcba0:   0000001afccfcc07 000001d7a96cd010
0x0000001afccfcbb0:   000001d7aa242480 000001d7aa244470
0x0000001afccfcbc0:   000001d7aa24a468 0000000000fcfe68
0x0000001afccfcbd0:   0000000000000000 0000000000000000
0x0000001afccfcbe0:   000000000000c8e0 000000000000f500
0x0000001afccfcbf0:   0000000000000000 00007ff81ac9d0c0
0x0000001afccfcc00:   0000000000000000 0000001afccfe4a0
0x0000001afccfcc10:   0000000000000000 00007ff81ac9d0c0
0x0000001afccfcc20:   0000000000000000 000001d7a428f4f0
0x0000001afccfcc30:   00003ba10000000c 0000001afccfe4a0
0x0000001afccfcc40:   000001d7ac2ec050 0000000100000001
0x0000001afccfcc50:   000001d7ac50b050 000000000000348c
0x0000001afccfcc60:   0000001afccfcba0 000001d7a96cd020
0x0000001afccfcc70:   00007ff81ac9d008 000001d70000000d
0x0000001afccfcc80:   0000001afccfe4a0 0000001afccfcfb0
0x0000001afccfcc90:   0000000000003d3c 00007ff81a410d03
0x0000001afccfcca0:   000001d70000000a 0000001afccfe4a0
0x0000001afccfccb0:   000001d7ae7a0090 0000000000000000
0x0000001afccfccc0:   000001d7ae55bb40 000001d7a47f7f50
0x0000001afccfccd0:   000001d7a47fc4d0 0000001afccfcf10
0x0000001afccfcce0:   0000001afccfd0b0 000000000000348c
0x0000001afccfccf0:   0000001afccfcba0 0000000000003d00
0x0000001afccfcd00:   0000001afccfcd07 000001d7ab8ea340
0x0000001afccfcd10:   000001d7ab8ea340 000001d7ab8ea350
0x0000001afccfcd20:   000001d7ab8ea728 00000000000003d8
0x0000001afccfcd30:   00007ff81aca5ed8 00007ff80000000d
0x0000001afccfcd40:   0000001afccfe4a0 0000001afccfcfb0
0x0000001afccfcd50:   0000001500000001 000001d7abf2e820 

Instructions: (pc=0x00007ff81a5314b7)
0x00007ff81a5313b7:   01 00 00 49 63 c8 41 ff c0 48 8d 14 88 48 8b 87
0x00007ff81a5313c7:   f0 00 00 00 48 63 0a 8b 0c 88 89 0a 45 3b c1 72
0x00007ff81a5313d7:   db 4c 8d b7 e8 00 00 00 89 b7 e0 00 00 00 41 8b
0x00007ff81a5313e7:   06 3b f0 7c 39 41 3b 76 04 7c 0d 8b d6 49 8b ce
0x00007ff81a5313f7:   e8 04 dd ee ff 41 8b 06 48 63 c8 48 63 d6 48 3b
0x00007ff81a531407:   ca 7d 15 66 0f 1f 44 00 00 49 8b 46 08 89 1c 88
0x00007ff81a531417:   48 ff c1 48 3b ca 7c f1 8d 46 01 41 89 06 49 8b
0x00007ff81a531427:   46 08 48 63 ce 89 1c 88 39 9f e0 00 00 00 76 20
0x00007ff81a531437:   66 0f 1f 84 00 00 00 00 00 48 8b 87 f0 00 00 00
0x00007ff81a531447:   48 63 cb 89 1c 88 ff c3 3b 9f e0 00 00 00 72 e9
0x00007ff81a531457:   48 8d 4c 24 20 e8 ff 7c 06 00 4c 8d 9c 24 80 00
0x00007ff81a531467:   00 00 49 8b 5b 10 49 8b 73 18 49 8b 7b 20 49 8b
0x00007ff81a531477:   e3 41 5e c3 cc cc cc cc cc 40 56 8b 71 20 45 33
0x00007ff81a531487:   db 4c 8b d1 85 f6 0f 84 80 00 00 00 48 89 5c 24
0x00007ff81a531497:   10 48 89 7c 24 18 0f 1f 00 4d 8b 4a 10 49 63 c3
0x00007ff81a5314a7:   48 8d 3c 85 00 00 00 00 49 8b 42 28 48 63 1c 07
0x00007ff81a5314b7:   41 8b 04 99 3b d8 74 42 44 8b c3 8b d0 48 63 c8
0x00007ff81a5314c7:   41 8b 04 89 3b c2 75 f3 3b d8 74 20 0f 1f 40 00
0x00007ff81a5314d7:   66 0f 1f 84 00 00 00 00 00 49 8b 4a 10 49 63 d0
0x00007ff81a5314e7:   44 8b 04 91 89 04 91 44 3b c0 75 ed 41 8b c0 3b
0x00007ff81a5314f7:   d8 74 07 49 8b 4a 28 89 04 0f 41 ff c3 44 3b de
0x00007ff81a531507:   72 97 48 8b 7c 24 18 48 8b 5c 24 10 5e c3 cc cc
0x00007ff81a531517:   cc cc cc cc cc cc cc cc cc 40 53 41 55 48 83 ec
0x00007ff81a531527:   38 4c 8b 41 48 33 db 48 89 6c 24 58 4c 8b e9 48
0x00007ff81a531537:   89 7c 24 68 bd 01 00 00 00 4c 89 64 24 30 44 8b
0x00007ff81a531547:   e3 41 39 58 40 0f 86 b5 00 00 00 48 89 74 24 60
0x00007ff81a531557:   4c 89 74 24 28 4c 89 7c 24 20 49 8b 40 30 44 8b
0x00007ff81a531567:   f3 41 8b d4 48 8b 34 d0 8b 46 28 89 44 24 50 85
0x00007ff81a531577:   c0 74 71 4c 8b fb 0f 1f 00 44 3b 76 18 73 0a 48
0x00007ff81a531587:   8b 46 20 49 8b 3c 07 eb 03 48 8b fb 48 8b 07 48
0x00007ff81a531597:   8b cf ff 90 80 00 00 00 4c 8b c3 44 8b 48 5c 8b
0x00007ff81a5315a7:   48 58 41 3b c9 77 0f 66 90 8b d1 ff c1 4c 0b 04 


Stack slot to memory mapping:

stack at sp + 0 slots: 0x0000001afccfd090 is pointing into the stack for thread: 0x000001d7a431d550
stack at sp + 1 slots: 0x00007ff81a52fb4f jvm.dll
stack at sp + 2 slots: 0x0000001afccfcfb0 is pointing into the stack for thread: 0x000001d7a431d550
stack at sp + 3 slots: 0x0 is null
stack at sp + 4 slots: 0x0 is null
stack at sp + 5 slots: 0x000001d7a96cd010 points into unknown readable memory: 0x000001d7ac2ec040 | 40 c0 2e ac d7 01 00 00
stack at sp + 6 slots: 0x000000000000c800 is an unknown value
stack at sp + 7 slots: 0x000000000000000e is an unknown value


---------------  P R O C E S S  ---------------

Threads class SMR info:
_java_thread_list=0x000001d7aba931a0, length=37, elements={
0x000001d78d29da60, 0x000001d7a42a8a50, 0x000001d7a42d00c0, 0x000001d7a42d0c20,
0x000001d7a4314590, 0x000001d7a42fa830, 0x000001d7a42fb290, 0x000001d7a42fbcf0,
0x000001d7a431d550, 0x000001d7a42ff300, 0x000001d7a45c5da0, 0x000001d7a976a920,
0x000001d7a9872530, 0x000001d7aa160bb0, 0x000001d7a99b37c0, 0x000001d7a97dbb30,
0x000001d7ab5d2260, 0x000001d7a9446900, 0x000001d7a9446270, 0x000001d7a9446f90,
0x000001d7a9448340, 0x000001d7a9447620, 0x000001d7a94489d0, 0x000001d7a9447cb0,
0x000001d7a9449060, 0x000001d7abbaba60, 0x000001d7abbace10, 0x000001d7abbaa020,
0x000001d7abbaa6b0, 0x000001d7abbaad40, 0x000001d7abbab3d0, 0x000001d7abbac0f0,
0x000001d7ad77d140, 0x000001d7ad77de60, 0x000001d7ad77b070, 0x000001d7ad77d7d0,
0x000001d7ad77c420
}

Java Threads: ( => current thread )
  0x000001d78d29da60 JavaThread "main"                              [_thread_blocked, id=14632, stack(0x0000001afbd00000,0x0000001afbe00000) (1024K)]
  0x000001d7a42a8a50 JavaThread "Common-Cleaner"             daemon [_thread_blocked, id=10840, stack(0x0000001afc500000,0x0000001afc600000) (1024K)]
  0x000001d7a42d00c0 JavaThread "Reference Handler"          daemon [_thread_blocked, id=24896, stack(0x0000001afc600000,0x0000001afc700000) (1024K)]
  0x000001d7a42d0c20 JavaThread "Finalizer"                  daemon [_thread_blocked, id=24236, stack(0x0000001afc700000,0x0000001afc800000) (1024K)]
  0x000001d7a4314590 JavaThread "Signal Dispatcher"          daemon [_thread_blocked, id=23284, stack(0x0000001afc800000,0x0000001afc900000) (1024K)]
  0x000001d7a42fa830 JavaThread "Attach Listener"            daemon [_thread_blocked, id=15332, stack(0x0000001afc900000,0x0000001afca00000) (1024K)]
  0x000001d7a42fb290 JavaThread "Service Thread"             daemon [_thread_blocked, id=24464, stack(0x0000001afca00000,0x0000001afcb00000) (1024K)]
  0x000001d7a42fbcf0 JavaThread "Monitor Deflation Thread"   daemon [_thread_blocked, id=10968, stack(0x0000001afcb00000,0x0000001afcc00000) (1024K)]
=>0x000001d7a431d550 JavaThread "C2 CompilerThread0"         daemon [_thread_in_native, id=7132, stack(0x0000001afcc00000,0x0000001afcd00000) (1024K)]
  0x000001d7a42ff300 JavaThread "C1 CompilerThread0"         daemon [_thread_blocked, id=25256, stack(0x0000001afcd00000,0x0000001afce00000) (1024K)]
  0x000001d7a45c5da0 JavaThread "Notification Thread"        daemon [_thread_blocked, id=8096, stack(0x0000001afce00000,0x0000001afcf00000) (1024K)]
  0x000001d7a976a920 JavaThread "C2 CompilerThread1"         daemon [_thread_in_native, id=24492, stack(0x0000001afcf00000,0x0000001afd000000) (1024K)]
  0x000001d7a9872530 JavaThread "Daemon health stats"               [_thread_blocked, id=20636, stack(0x0000001afd300000,0x0000001afd400000) (1024K)]
  0x000001d7aa160bb0 JavaThread "Incoming local TCP Connector on port 52239"        [_thread_in_native, id=16220, stack(0x0000001afd400000,0x0000001afd500000) (1024K)]
  0x000001d7a99b37c0 JavaThread "Daemon periodic checks"            [_thread_blocked, id=24948, stack(0x0000001afd500000,0x0000001afd600000) (1024K)]
  0x000001d7a97dbb30 JavaThread "Daemon"                            [_thread_blocked, id=9640, stack(0x0000001afd600000,0x0000001afd700000) (1024K)]
  0x000001d7ab5d2260 JavaThread "Handler for socket connection from /127.0.0.1:52239 to /127.0.0.1:52240"        [_thread_in_native, id=21864, stack(0x0000001afd700000,0x0000001afd800000) (1024K)]
  0x000001d7a9446900 JavaThread "Cancel handler"                    [_thread_blocked, id=11972, stack(0x0000001afd800000,0x0000001afd900000) (1024K)]
  0x000001d7a9446270 JavaThread "Daemon worker"                     [_thread_in_native, id=16092, stack(0x0000001afd900000,0x0000001afda00000) (1024K)]
  0x000001d7a9446f90 JavaThread "Asynchronous log dispatcher for DefaultDaemonConnection: socket connection from /127.0.0.1:52239 to /127.0.0.1:52240"        [_thread_blocked, id=20600, stack(0x0000001afda00000,0x0000001afdb00000) (1024K)]
  0x000001d7a9448340 JavaThread "Stdin handler"                     [_thread_blocked, id=25484, stack(0x0000001afdb00000,0x0000001afdc00000) (1024K)]
  0x000001d7a9447620 JavaThread "Daemon client event forwarder"        [_thread_blocked, id=18920, stack(0x0000001afdc00000,0x0000001afdd00000) (1024K)]
  0x000001d7a94489d0 JavaThread "Cache worker for journal cache (C:\Users\Alvin Brandon\.gradle\caches\journal-1)"        [_thread_blocked, id=24592, stack(0x0000001afdd00000,0x0000001afde00000) (1024K)]
  0x000001d7a9447cb0 JavaThread "File lock request listener"        [_thread_in_native, id=15272, stack(0x0000001afde00000,0x0000001afdf00000) (1024K)]
  0x000001d7a9449060 JavaThread "Cache worker for file hash cache (C:\Users\Alvin Brandon\.gradle\caches\9.3.1\fileHashes)"        [_thread_blocked, id=11424, stack(0x0000001afdf00000,0x0000001afe000000) (1024K)]
  0x000001d7abbaba60 JavaThread "Cache worker for file hash cache (C:\Users\Alvin Brandon\StudioProjects\ECOMERSEty\.gradle\9.3.1\fileHashes)"        [_thread_blocked, id=5460, stack(0x0000001afe000000,0x0000001afe100000) (1024K)]
  0x000001d7abbace10 JavaThread "Cache worker for Build Output Cleanup Cache (C:\Users\Alvin Brandon\StudioProjects\ECOMERSEty\.gradle\buildOutputCleanup)"        [_thread_blocked, id=23868, stack(0x0000001afe100000,0x0000001afe200000) (1024K)]
  0x000001d7abbaa020 JavaThread "File watcher server"        daemon [_thread_in_native, id=19888, stack(0x0000001afe200000,0x0000001afe300000) (1024K)]
  0x000001d7abbaa6b0 JavaThread "File watcher consumer"      daemon [_thread_blocked, id=17944, stack(0x0000001afe300000,0x0000001afe400000) (1024K)]
  0x000001d7abbaad40 JavaThread "jar transforms"                    [_thread_blocked, id=18672, stack(0x0000001afe400000,0x0000001afe500000) (1024K)]
  0x000001d7abbab3d0 JavaThread "jar transforms Thread 2"           [_thread_blocked, id=20528, stack(0x0000001afe500000,0x0000001afe600000) (1024K)]
  0x000001d7abbac0f0 JavaThread "jar transforms Thread 3"           [_thread_blocked, id=22728, stack(0x0000001afe600000,0x0000001afe700000) (1024K)]
  0x000001d7ad77d140 JavaThread "jar transforms Thread 4"           [_thread_blocked, id=19640, stack(0x0000001afe700000,0x0000001afe800000) (1024K)]
  0x000001d7ad77de60 JavaThread "Cache worker for checksums cache (C:\Users\Alvin Brandon\StudioProjects\ECOMERSEty\.gradle\9.3.1\checksums)"        [_thread_blocked, id=10664, stack(0x0000001afe800000,0x0000001afe900000) (1024K)]
  0x000001d7ad77b070 JavaThread "Cache worker for file content cache (C:\Users\Alvin Brandon\.gradle\caches\9.3.1\fileContent)"        [_thread_blocked, id=6760, stack(0x0000001afe900000,0x0000001afea00000) (1024K)]
  0x000001d7ad77d7d0 JavaThread "Cache worker for cache directory md-supplier (C:\Users\Alvin Brandon\.gradle\caches\9.3.1\md-supplier)"        [_thread_blocked, id=24412, stack(0x0000001afea00000,0x0000001afeb00000) (1024K)]
  0x000001d7ad77c420 JavaThread "Cache worker for cache directory md-rule (C:\Users\Alvin Brandon\.gradle\caches\9.3.1\md-rule)"        [_thread_blocked, id=20912, stack(0x0000001afeb00000,0x0000001afec00000) (1024K)]
Total: 37

Other Threads:
  0x000001d7a4280450 VMThread "VM Thread"                           [id=19724, stack(0x0000001afc400000,0x0000001afc500000) (1024K)]
  0x000001d7a40bdd80 WatcherThread "VM Periodic Task Thread"        [id=23664, stack(0x0000001afc300000,0x0000001afc400000) (1024K)]
  0x000001d78d2f3e50 WorkerThread "GC Thread#0"                     [id=21472, stack(0x0000001afbe00000,0x0000001afbf00000) (1024K)]
  0x000001d7a4990710 WorkerThread "GC Thread#1"                     [id=24044, stack(0x0000001afd000000,0x0000001afd100000) (1024K)]
  0x000001d7a490b710 WorkerThread "GC Thread#2"                     [id=21648, stack(0x0000001afd100000,0x0000001afd200000) (1024K)]
  0x000001d7a49a4480 WorkerThread "GC Thread#3"                     [id=20724, stack(0x0000001afd200000,0x0000001afd300000) (1024K)]
  0x000001d78d305650 ConcurrentGCThread "G1 Main Marker"            [id=25228, stack(0x0000001afbf00000,0x0000001afc000000) (1024K)]
  0x000001d78d305ff0 WorkerThread "G1 Conc#0"                       [id=23088, stack(0x0000001afc000000,0x0000001afc100000) (1024K)]
  0x000001d78d35e030 ConcurrentGCThread "G1 Refine#0"               [id=20904, stack(0x0000001afc100000,0x0000001afc200000) (1024K)]
  0x000001d78d35ea40 ConcurrentGCThread "G1 Service"                [id=24908, stack(0x0000001afc200000,0x0000001afc300000) (1024K)]
Total: 10

Threads with active compile tasks:
C2 CompilerThread0  6644 4401   !   4       java.lang.ClassLoader::loadClass (121 bytes)
C2 CompilerThread1  6645 4825       4       java.io.BufferedInputStream::implRead (112 bytes)
Total: 2

VM state: not at safepoint (normal execution)

VM Mutex/Monitor currently owned by a thread: None

Heap address: 0x0000000080000000, size: 2048 MB, Compressed Oops mode: 32-bit

CDS archive(s) not mapped
Compressed class space mapped at: 0x0000000100000000-0x0000000140000000, reserved size: 1073741824
Narrow klass base: 0x0000000000000000, Narrow klass shift: 3, Narrow klass range: 0x140000000

GC Precious Log:
 CardTable entry size: 512
 Card Set container configuration: InlinePtr #cards 5 size 8 Array Of Cards #cards 12 size 40 Howl #buckets 4 coarsen threshold 1843 Howl Bitmap #cards 512 size 80 coarsen threshold 460 Card regions per heap region 1 cards per card region 2048
 CPUs: 4 total, 4 available
 Memory: 7926M
 Large Page Support: Disabled
 NUMA Support: Disabled
 Compressed Oops: Enabled (32-bit)
 Heap Region Size: 1M
 Heap Min Capacity: 8M
 Heap Initial Capacity: 124M
 Heap Max Capacity: 2G
 Pre-touch: Disabled
 Parallel Workers: 4
 Concurrent Workers: 1
 Concurrent Refinement Workers: 4
 Periodic GC: Disabled

Heap:
 garbage-first heap   total 105472K, used 69070K [0x0000000080000000, 0x0000000100000000)
  region size 1024K, 15 young (15360K), 5 survivors (5120K)
 Metaspace       used 51461K, committed 52928K, reserved 1114112K
  class space    used 7159K, committed 7872K, reserved 1048576K

Heap Regions: E=young(eden), S=young(survivor), O=old, HS=humongous(starts), HC=humongous(continues), CS=collection set, F=free, TAMS=top-at-mark-start, PB=parsable bottom
|   0|0x0000000080000000, 0x0000000080100000, 0x0000000080100000|100%|HS|  |TAMS 0x0000000080000000| PB 0x0000000080000000| Complete 
|   1|0x0000000080100000, 0x0000000080200000, 0x0000000080200000|100%|HC|  |TAMS 0x0000000080100000| PB 0x0000000080100000| Complete 
|   2|0x0000000080200000, 0x0000000080300000, 0x0000000080300000|100%|HC|  |TAMS 0x0000000080200000| PB 0x0000000080200000| Complete 
|   3|0x0000000080300000, 0x0000000080400000, 0x0000000080400000|100%|HC|  |TAMS 0x0000000080300000| PB 0x0000000080300000| Complete 
|   4|0x0000000080400000, 0x0000000080500000, 0x0000000080500000|100%|HS|  |TAMS 0x0000000080400000| PB 0x0000000080400000| Complete 
|   5|0x0000000080500000, 0x0000000080600000, 0x0000000080600000|100%| O|  |TAMS 0x0000000080500000| PB 0x0000000080500000| Untracked 
|   6|0x0000000080600000, 0x0000000080700000, 0x0000000080700000|100%| O|  |TAMS 0x0000000080600000| PB 0x0000000080600000| Untracked 
|   7|0x0000000080700000, 0x0000000080800000, 0x0000000080800000|100%| O|  |TAMS 0x0000000080700000| PB 0x0000000080700000| Untracked 
|   8|0x0000000080800000, 0x0000000080900000, 0x0000000080900000|100%| O|  |TAMS 0x0000000080800000| PB 0x0000000080800000| Untracked 
|   9|0x0000000080900000, 0x0000000080a00000, 0x0000000080a00000|100%| O|  |TAMS 0x0000000080900000| PB 0x0000000080900000| Untracked 
|  10|0x0000000080a00000, 0x0000000080b00000, 0x0000000080b00000|100%| O|  |TAMS 0x0000000080a00000| PB 0x0000000080a00000| Untracked 
|  11|0x0000000080b00000, 0x0000000080c00000, 0x0000000080c00000|100%| O|  |TAMS 0x0000000080b00000| PB 0x0000000080b00000| Untracked 
|  12|0x0000000080c00000, 0x0000000080d00000, 0x0000000080d00000|100%| O|  |TAMS 0x0000000080c00000| PB 0x0000000080c00000| Untracked 
|  13|0x0000000080d00000, 0x0000000080e00000, 0x0000000080e00000|100%| O|  |TAMS 0x0000000080d00000| PB 0x0000000080d00000| Untracked 
|  14|0x0000000080e00000, 0x0000000080f00000, 0x0000000080f00000|100%| O|  |TAMS 0x0000000080e00000| PB 0x0000000080e00000| Untracked 
|  15|0x0000000080f00000, 0x0000000081000000, 0x0000000081000000|100%| O|  |TAMS 0x0000000080f00000| PB 0x0000000080f00000| Untracked 
|  16|0x0000000081000000, 0x0000000081100000, 0x0000000081100000|100%| O|  |TAMS 0x0000000081000000| PB 0x0000000081000000| Untracked 
|  17|0x0000000081100000, 0x00000000811f7290, 0x0000000081200000| 96%| O|  |TAMS 0x0000000081100000| PB 0x0000000081100000| Untracked 
|  18|0x0000000081200000, 0x0000000081300000, 0x0000000081300000|100%|HS|  |TAMS 0x0000000081200000| PB 0x0000000081200000| Complete 
|  19|0x0000000081300000, 0x0000000081400000, 0x0000000081400000|100%|HC|  |TAMS 0x0000000081300000| PB 0x0000000081300000| Complete 
|  20|0x0000000081400000, 0x0000000081500000, 0x0000000081500000|100%|HC|  |TAMS 0x0000000081400000| PB 0x0000000081400000| Complete 
|  21|0x0000000081500000, 0x0000000081600000, 0x0000000081600000|100%|HC|  |TAMS 0x0000000081500000| PB 0x0000000081500000| Complete 
|  22|0x0000000081600000, 0x0000000081700000, 0x0000000081700000|100%|HC|  |TAMS 0x0000000081600000| PB 0x0000000081600000| Complete 
|  23|0x0000000081700000, 0x0000000081800000, 0x0000000081800000|100%|HC|  |TAMS 0x0000000081700000| PB 0x0000000081700000| Complete 
|  24|0x0000000081800000, 0x0000000081900000, 0x0000000081900000|100%|HS|  |TAMS 0x0000000081800000| PB 0x0000000081800000| Complete 
|  25|0x0000000081900000, 0x0000000081a00000, 0x0000000081a00000|100%|HC|  |TAMS 0x0000000081900000| PB 0x0000000081900000| Complete 
|  26|0x0000000081a00000, 0x0000000081b00000, 0x0000000081b00000|100%|HS|  |TAMS 0x0000000081a00000| PB 0x0000000081a00000| Complete 
|  27|0x0000000081b00000, 0x0000000081c00000, 0x0000000081c00000|100%|HS|  |TAMS 0x0000000081b00000| PB 0x0000000081b00000| Complete 
|  28|0x0000000081c00000, 0x0000000081d00000, 0x0000000081d00000|100%|HC|  |TAMS 0x0000000081c00000| PB 0x0000000081c00000| Complete 
|  29|0x0000000081d00000, 0x0000000081e00000, 0x0000000081e00000|100%|HC|  |TAMS 0x0000000081d00000| PB 0x0000000081d00000| Complete 
|  30|0x0000000081e00000, 0x0000000081f00000, 0x0000000081f00000|100%|HC|  |TAMS 0x0000000081e00000| PB 0x0000000081e00000| Complete 
|  31|0x0000000081f00000, 0x0000000082000000, 0x0000000082000000|100%|HC|  |TAMS 0x0000000081f00000| PB 0x0000000081f00000| Complete 
|  32|0x0000000082000000, 0x0000000082100000, 0x0000000082100000|100%|HC|  |TAMS 0x0000000082000000| PB 0x0000000082000000| Complete 
|  33|0x0000000082100000, 0x0000000082200000, 0x0000000082200000|100%|HS|  |TAMS 0x0000000082100000| PB 0x0000000082100000| Complete 
|  34|0x0000000082200000, 0x0000000082300000, 0x0000000082300000|100%|HC|  |TAMS 0x0000000082200000| PB 0x0000000082200000| Complete 
|  35|0x0000000082300000, 0x0000000082400000, 0x0000000082400000|100%|HS|  |TAMS 0x0000000082300000| PB 0x0000000082300000| Complete 
|  36|0x0000000082400000, 0x0000000082500000, 0x0000000082500000|100%| O|  |TAMS 0x0000000082400000| PB 0x0000000082400000| Untracked 
|  37|0x0000000082500000, 0x0000000082600000, 0x0000000082600000|100%| O|  |TAMS 0x0000000082500000| PB 0x0000000082500000| Untracked 
|  38|0x0000000082600000, 0x0000000082700000, 0x0000000082700000|100%| O|  |TAMS 0x0000000082600000| PB 0x0000000082600000| Untracked 
|  39|0x0000000082700000, 0x0000000082800000, 0x0000000082800000|100%| O|  |TAMS 0x0000000082700000| PB 0x0000000082700000| Untracked 
|  40|0x0000000082800000, 0x0000000082900000, 0x0000000082900000|100%| O|  |TAMS 0x0000000082800000| PB 0x0000000082800000| Untracked 
|  41|0x0000000082900000, 0x0000000082a00000, 0x0000000082a00000|100%| O|  |TAMS 0x0000000082900000| PB 0x0000000082900000| Untracked 
|  42|0x0000000082a00000, 0x0000000082b00000, 0x0000000082b00000|100%| O|  |TAMS 0x0000000082a00000| PB 0x0000000082a00000| Untracked 
|  43|0x0000000082b00000, 0x0000000082b7c940, 0x0000000082c00000| 48%| O|  |TAMS 0x0000000082b00000| PB 0x0000000082b00000| Untracked 
|  44|0x0000000082c00000, 0x0000000082c00000, 0x0000000082d00000|  0%| F|  |TAMS 0x0000000082c00000| PB 0x0000000082c00000| Untracked 
|  45|0x0000000082d00000, 0x0000000082d00000, 0x0000000082e00000|  0%| F|  |TAMS 0x0000000082d00000| PB 0x0000000082d00000| Untracked 
|  46|0x0000000082e00000, 0x0000000082e00000, 0x0000000082f00000|  0%| F|  |TAMS 0x0000000082e00000| PB 0x0000000082e00000| Untracked 
|  47|0x0000000082f00000, 0x0000000082f00000, 0x0000000083000000|  0%| F|  |TAMS 0x0000000082f00000| PB 0x0000000082f00000| Untracked 
|  48|0x0000000083000000, 0x0000000083000000, 0x0000000083100000|  0%| F|  |TAMS 0x0000000083000000| PB 0x0000000083000000| Untracked 
|  49|0x0000000083100000, 0x0000000083100000, 0x0000000083200000|  0%| F|  |TAMS 0x0000000083100000| PB 0x0000000083100000| Untracked 
|  50|0x0000000083200000, 0x0000000083200000, 0x0000000083300000|  0%| F|  |TAMS 0x0000000083200000| PB 0x0000000083200000| Untracked 
|  51|0x0000000083300000, 0x0000000083300000, 0x0000000083400000|  0%| F|  |TAMS 0x0000000083300000| PB 0x0000000083300000| Untracked 
|  52|0x0000000083400000, 0x0000000083400000, 0x0000000083500000|  0%| F|  |TAMS 0x0000000083400000| PB 0x0000000083400000| Untracked 
|  53|0x0000000083500000, 0x0000000083600000, 0x0000000083600000|100%| S|CS|TAMS 0x0000000083500000| PB 0x0000000083500000| Complete 
|  54|0x0000000083600000, 0x0000000083700000, 0x0000000083700000|100%| S|CS|TAMS 0x0000000083600000| PB 0x0000000083600000| Complete 
|  55|0x0000000083700000, 0x0000000083800000, 0x0000000083800000|100%| S|CS|TAMS 0x0000000083700000| PB 0x0000000083700000| Complete 
|  56|0x0000000083800000, 0x0000000083900000, 0x0000000083900000|100%| S|CS|TAMS 0x0000000083800000| PB 0x0000000083800000| Complete 
|  57|0x0000000083900000, 0x0000000083a00000, 0x0000000083a00000|100%| S|CS|TAMS 0x0000000083900000| PB 0x0000000083900000| Complete 
|  58|0x0000000083a00000, 0x0000000083a00000, 0x0000000083b00000|  0%| F|  |TAMS 0x0000000083a00000| PB 0x0000000083a00000| Untracked 
|  59|0x0000000083b00000, 0x0000000083b00000, 0x0000000083c00000|  0%| F|  |TAMS 0x0000000083b00000| PB 0x0000000083b00000| Untracked 
|  60|0x0000000083c00000, 0x0000000083c00000, 0x0000000083d00000|  0%| F|  |TAMS 0x0000000083c00000| PB 0x0000000083c00000| Untracked 
|  61|0x0000000083d00000, 0x0000000083d00000, 0x0000000083e00000|  0%| F|  |TAMS 0x0000000083d00000| PB 0x0000000083d00000| Untracked 
|  62|0x0000000083e00000, 0x0000000083e00000, 0x0000000083f00000|  0%| F|  |TAMS 0x0000000083e00000| PB 0x0000000083e00000| Untracked 
|  63|0x0000000083f00000, 0x0000000083f00000, 0x0000000084000000|  0%| F|  |TAMS 0x0000000083f00000| PB 0x0000000083f00000| Untracked 
|  64|0x0000000084000000, 0x0000000084000000, 0x0000000084100000|  0%| F|  |TAMS 0x0000000084000000| PB 0x0000000084000000| Untracked 
|  65|0x0000000084100000, 0x0000000084100000, 0x0000000084200000|  0%| F|  |TAMS 0x0000000084100000| PB 0x0000000084100000| Untracked 
|  66|0x0000000084200000, 0x0000000084200000, 0x0000000084300000|  0%| F|  |TAMS 0x0000000084200000| PB 0x0000000084200000| Untracked 
|  67|0x0000000084300000, 0x0000000084300000, 0x0000000084400000|  0%| F|  |TAMS 0x0000000084300000| PB 0x0000000084300000| Untracked 
|  68|0x0000000084400000, 0x0000000084400000, 0x0000000084500000|  0%| F|  |TAMS 0x0000000084400000| PB 0x0000000084400000| Untracked 
|  69|0x0000000084500000, 0x0000000084500000, 0x0000000084600000|  0%| F|  |TAMS 0x0000000084500000| PB 0x0000000084500000| Untracked 
|  70|0x0000000084600000, 0x0000000084600000, 0x0000000084700000|  0%| F|  |TAMS 0x0000000084600000| PB 0x0000000084600000| Untracked 
|  71|0x0000000084700000, 0x0000000084700000, 0x0000000084800000|  0%| F|  |TAMS 0x0000000084700000| PB 0x0000000084700000| Untracked 
|  72|0x0000000084800000, 0x0000000084800000, 0x0000000084900000|  0%| F|  |TAMS 0x0000000084800000| PB 0x0000000084800000| Untracked 
|  73|0x0000000084900000, 0x0000000084900000, 0x0000000084a00000|  0%| F|  |TAMS 0x0000000084900000| PB 0x0000000084900000| Untracked 
|  74|0x0000000084a00000, 0x0000000084a00000, 0x0000000084b00000|  0%| F|  |TAMS 0x0000000084a00000| PB 0x0000000084a00000| Untracked 
|  75|0x0000000084b00000, 0x0000000084b00000, 0x0000000084c00000|  0%| F|  |TAMS 0x0000000084b00000| PB 0x0000000084b00000| Untracked 
|  76|0x0000000084c00000, 0x0000000084c00000, 0x0000000084d00000|  0%| F|  |TAMS 0x0000000084c00000| PB 0x0000000084c00000| Untracked 
|  77|0x0000000084d00000, 0x0000000084d00000, 0x0000000084e00000|  0%| F|  |TAMS 0x0000000084d00000| PB 0x0000000084d00000| Untracked 
|  78|0x0000000084e00000, 0x0000000084e00000, 0x0000000084f00000|  0%| F|  |TAMS 0x0000000084e00000| PB 0x0000000084e00000| Untracked 
|  79|0x0000000084f00000, 0x0000000084f00000, 0x0000000085000000|  0%| F|  |TAMS 0x0000000084f00000| PB 0x0000000084f00000| Untracked 
|  80|0x0000000085000000, 0x0000000085000000, 0x0000000085100000|  0%| F|  |TAMS 0x0000000085000000| PB 0x0000000085000000| Untracked 
|  81|0x0000000085100000, 0x0000000085100000, 0x0000000085200000|  0%| F|  |TAMS 0x0000000085100000| PB 0x0000000085100000| Untracked 
|  82|0x0000000085200000, 0x0000000085200000, 0x0000000085300000|  0%| F|  |TAMS 0x0000000085200000| PB 0x0000000085200000| Untracked 
|  83|0x0000000085300000, 0x000000008534a660, 0x0000000085400000| 29%| E|  |TAMS 0x0000000085300000| PB 0x0000000085300000| Complete 
|  84|0x0000000085400000, 0x0000000085500000, 0x0000000085500000|100%| E|CS|TAMS 0x0000000085400000| PB 0x0000000085400000| Complete 
|  85|0x0000000085500000, 0x0000000085600000, 0x0000000085600000|100%| E|CS|TAMS 0x0000000085500000| PB 0x0000000085500000| Complete 
|  86|0x0000000085600000, 0x0000000085700000, 0x0000000085700000|100%| E|CS|TAMS 0x0000000085600000| PB 0x0000000085600000| Complete 
|  87|0x0000000085700000, 0x0000000085800000, 0x0000000085800000|100%| E|CS|TAMS 0x0000000085700000| PB 0x0000000085700000| Complete 
|  88|0x0000000085800000, 0x0000000085900000, 0x0000000085900000|100%| E|CS|TAMS 0x0000000085800000| PB 0x0000000085800000| Complete 
|  89|0x0000000085900000, 0x0000000085a00000, 0x0000000085a00000|100%| E|CS|TAMS 0x0000000085900000| PB 0x0000000085900000| Complete 
|  90|0x0000000085a00000, 0x0000000085b00000, 0x0000000085b00000|100%| E|CS|TAMS 0x0000000085a00000| PB 0x0000000085a00000| Complete 
|  91|0x0000000085b00000, 0x0000000085c00000, 0x0000000085c00000|100%| E|CS|TAMS 0x0000000085b00000| PB 0x0000000085b00000| Complete 
|2037|0x00000000ff500000, 0x00000000ff600000, 0x00000000ff600000|100%| O|Cm|TAMS 0x00000000ff500000| PB 0x00000000ff500000| Complete 
|2038|0x00000000ff600000, 0x00000000ff700000, 0x00000000ff700000|100%| O|  |TAMS 0x00000000ff600000| PB 0x00000000ff600000| Untracked 
|2039|0x00000000ff700000, 0x00000000ff800000, 0x00000000ff800000|100%| O|  |TAMS 0x00000000ff700000| PB 0x00000000ff700000| Untracked 
|2040|0x00000000ff800000, 0x00000000ff900000, 0x00000000ff900000|100%| O|  |TAMS 0x00000000ff800000| PB 0x00000000ff800000| Untracked 
|2041|0x00000000ff900000, 0x00000000ffa00000, 0x00000000ffa00000|100%| O|  |TAMS 0x00000000ff900000| PB 0x00000000ff900000| Untracked 
|2042|0x00000000ffa00000, 0x00000000ffb00000, 0x00000000ffb00000|100%| O|  |TAMS 0x00000000ffa00000| PB 0x00000000ffa00000| Untracked 
|2043|0x00000000ffb00000, 0x00000000ffc00000, 0x00000000ffc00000|100%| E|CS|TAMS 0x00000000ffb00000| PB 0x00000000ffb00000| Complete 
|2044|0x00000000ffc00000, 0x00000000ffd00000, 0x00000000ffd00000|100%| O|  |TAMS 0x00000000ffc00000| PB 0x00000000ffc00000| Untracked 
|2045|0x00000000ffd00000, 0x00000000ffe00000, 0x00000000ffe00000|100%| O|  |TAMS 0x00000000ffd00000| PB 0x00000000ffd00000| Untracked 
|2046|0x00000000ffe00000, 0x00000000fff00000, 0x00000000fff00000|100%| O|  |TAMS 0x00000000ffe00000| PB 0x00000000ffe00000| Untracked 
|2047|0x00000000fff00000, 0x0000000100000000, 0x0000000100000000|100%| O|  |TAMS 0x00000000fff00000| PB 0x00000000fff00000| Untracked 

Card table byte_map: [0x000001d79f800000,0x000001d79fc00000] _byte_map_base: 0x000001d79f400000

Marking Bits: (CMBitMap*) 0x000001d78d2f43f0
 Bits: [0x000001d79fc00000, 0x000001d7a1c00000)

Polling page: 0x000001d78b2a0000

Metaspace:

Usage:
  Non-class:     43.27 MB used.
      Class:      6.99 MB used.
       Both:     50.26 MB used.

Virtual space:
  Non-class space:       64.00 MB reserved,      44.00 MB ( 69%) committed,  1 nodes.
      Class space:        1.00 GB reserved,       7.69 MB ( <1%) committed,  1 nodes.
             Both:        1.06 GB reserved,      51.69 MB (  5%) committed. 

Chunk freelists:
   Non-Class:  3.38 MB
       Class:  8.23 MB
        Both:  11.61 MB

MaxMetaspaceSize: unlimited
CompressedClassSpaceSize: 1.00 GB
Initial GC threshold: 21.00 MB
Current GC threshold: 84.81 MB
CDS: off
 - commit_granule_bytes: 65536.
 - commit_granule_words: 8192.
 - virtual_space_node_default_size: 8388608.
 - enlarge_chunks_in_place: 1.
 - use_allocation_guard: 0.


Internal statistics:

num_allocs_failed_limit: 9.
num_arena_births: 2698.
num_arena_deaths: 0.
num_vsnodes_births: 2.
num_vsnodes_deaths: 0.
num_space_committed: 827.
num_space_uncommitted: 0.
num_chunks_returned_to_freelist: 9.
num_chunks_taken_from_freelist: 4741.
num_chunk_merges: 9.
num_chunk_splits: 3034.
num_chunks_enlarged: 1796.
num_inconsistent_stats: 0.

CodeHeap 'non-profiled nmethods': size=120000Kb used=2929Kb max_used=2938Kb free=117070Kb
 bounds [0x000001d797ed0000, 0x000001d7981b0000, 0x000001d79f400000]
CodeHeap 'profiled nmethods': size=120000Kb used=8135Kb max_used=8146Kb free=111864Kb
 bounds [0x000001d790400000, 0x000001d790c10000, 0x000001d797930000]
CodeHeap 'non-nmethods': size=5760Kb used=1984Kb max_used=2001Kb free=3775Kb
 bounds [0x000001d797930000, 0x000001d797ba0000, 0x000001d797ed0000]
CodeCache: size=245760Kb, used=13048Kb, max_used=13085Kb, free=232709Kb
 total_blobs=4925, nmethods=4216, adapters=613, full_count=0
Compilation: enabled, stopped_count=0, restarted_count=0

Compilation events (20 events):
Event: 6.566 Thread 0x000001d7a42ff300 4764       3       java.util.Hashtable$Enumerator::hasMoreElements (53 bytes)
Event: 6.566 Thread 0x000001d7a42ff300 nmethod 4764 0x000001d7905f4590 code [0x000001d7905f4740, 0x000001d7905f49f8]
Event: 6.566 Thread 0x000001d7a42ff300 4763       3       java.beans.FeatureDescriptor::setValue (11 bytes)
Event: 6.566 Thread 0x000001d7a976a920 nmethod 4736 0x000001d797f27010 code [0x000001d797f27240, 0x000001d797f27758]
Event: 6.566 Thread 0x000001d7a976a920 4743       4       java.lang.PublicMethods$MethodList::filter (104 bytes)
Event: 6.566 Thread 0x000001d7a42ff300 nmethod 4763 0x000001d7904fec10 code [0x000001d7904fee00, 0x000001d7904ff1f0]
Event: 6.566 Thread 0x000001d7a42ff300 4768       3       com.sun.beans.TypeResolver::erase (32 bytes)
Event: 6.566 Thread 0x000001d7a42ff300 nmethod 4768 0x000001d790504a10 code [0x000001d790504be0, 0x000001d790504fe0]
Event: 6.566 Thread 0x000001d7a42ff300 4769       3       org.codehaus.groovy.reflection.CachedClass::hashCode (33 bytes)
Event: 6.567 Thread 0x000001d7a42ff300 nmethod 4769 0x000001d790459c90 code [0x000001d790459e40, 0x000001d79045a000]
Event: 6.567 Thread 0x000001d7a42ff300 4765       3       java.util.Hashtable$Enumerator::hasNext (5 bytes)
Event: 6.567 Thread 0x000001d7a42ff300 nmethod 4765 0x000001d79043b290 code [0x000001d79043b440, 0x000001d79043b580]
Event: 6.567 Thread 0x000001d7a42ff300 4753       3       java.beans.FeatureDescriptor::getParameterTypes (21 bytes)
Event: 6.568 Thread 0x000001d7a42ff300 nmethod 4753 0x000001d79065db10 code [0x000001d79065dde0, 0x000001d79065eb10]
Event: 6.568 Thread 0x000001d7a42ff300 4754       3       com.sun.beans.TypeResolver::resolveInClass (9 bytes)
Event: 6.568 Thread 0x000001d7a42ff300 nmethod 4754 0x000001d790874990 code [0x000001d790874bc0, 0x000001d7908752f0]
Event: 6.568 Thread 0x000001d7a42ff300 4767       3       java.util.Hashtable$Enumerator::next (27 bytes)
Event: 6.568 Thread 0x000001d7a42ff300 nmethod 4767 0x000001d790814a10 code [0x000001d790814be0, 0x000001d790814e40]
Event: 6.568 Thread 0x000001d7a42ff300 4766  s!   3       java.beans.PropertyDescriptor::getWriteMethod (152 bytes)
Event: 6.570 Thread 0x000001d7a42ff300 nmethod 4766 0x000001d790632a90 code [0x000001d790632e40, 0x000001d790634ac8]

GC Heap History (20 events):
Event: 0.558 GC heap before
{Heap before GC invocations=1 (full 0):
 garbage-first heap   total 126976K, used 27776K [0x0000000080000000, 0x0000000100000000)
  region size 1024K, 28 young (28672K), 2 survivors (2048K)
 Metaspace       used 7999K, committed 8192K, reserved 1114112K
  class space    used 737K, committed 832K, reserved 1048576K
}
Event: 0.561 GC heap after
{Heap after GC invocations=2 (full 0):
 garbage-first heap   total 126976K, used 1707K [0x0000000080000000, 0x0000000100000000)
  region size 1024K, 2 young (2048K), 2 survivors (2048K)
 Metaspace       used 7999K, committed 8192K, reserved 1114112K
  class space    used 737K, committed 832K, reserved 1048576K
}
Event: 1.344 GC heap before
{Heap before GC invocations=2 (full 0):
 garbage-first heap   total 126976K, used 78507K [0x0000000080000000, 0x0000000100000000)
  region size 1024K, 74 young (75776K), 2 survivors (2048K)
 Metaspace       used 12812K, committed 12928K, reserved 1114112K
  class space    used 1397K, committed 1472K, reserved 1048576K
}
Event: 1.354 GC heap after
{Heap after GC invocations=3 (full 0):
 garbage-first heap   total 126976K, used 11778K [0x0000000080000000, 0x0000000100000000)
  region size 1024K, 8 young (8192K), 8 survivors (8192K)
 Metaspace       used 12812K, committed 12928K, reserved 1114112K
  class space    used 1397K, committed 1472K, reserved 1048576K
}
Event: 1.821 GC heap before
{Heap before GC invocations=3 (full 0):
 garbage-first heap   total 126976K, used 81410K [0x0000000080000000, 0x0000000100000000)
  region size 1024K, 74 young (75776K), 8 survivors (8192K)
 Metaspace       used 12927K, committed 13120K, reserved 1114112K
  class space    used 1398K, committed 1472K, reserved 1048576K
}
Event: 1.831 GC heap after
{Heap after GC invocations=4 (full 0):
 garbage-first heap   total 126976K, used 17781K [0x0000000080000000, 0x0000000100000000)
  region size 1024K, 5 young (5120K), 5 survivors (5120K)
 Metaspace       used 12927K, committed 13120K, reserved 1114112K
  class space    used 1398K, committed 1472K, reserved 1048576K
}
Event: 2.510 GC heap before
{Heap before GC invocations=4 (full 0):
 garbage-first heap   total 126976K, used 51573K [0x0000000080000000, 0x0000000100000000)
  region size 1024K, 39 young (39936K), 5 survivors (5120K)
 Metaspace       used 21192K, committed 21504K, reserved 1114112K
  class space    used 2481K, committed 2624K, reserved 1048576K
}
Event: 2.516 GC heap after
{Heap after GC invocations=5 (full 0):
 garbage-first heap   total 126976K, used 21125K [0x0000000080000000, 0x0000000100000000)
  region size 1024K, 8 young (8192K), 8 survivors (8192K)
 Metaspace       used 21192K, committed 21504K, reserved 1114112K
  class space    used 2481K, committed 2624K, reserved 1048576K
}
Event: 3.371 GC heap before
{Heap before GC invocations=6 (full 0):
 garbage-first heap   total 71680K, used 70277K [0x0000000080000000, 0x0000000100000000)
  region size 1024K, 55 young (56320K), 8 survivors (8192K)
 Metaspace       used 29819K, committed 30336K, reserved 1114112K
  class space    used 3694K, committed 3904K, reserved 1048576K
}
Event: 3.380 GC heap after
{Heap after GC invocations=7 (full 0):
 garbage-first heap   total 82944K, used 23498K [0x0000000080000000, 0x0000000100000000)
  region size 1024K, 6 young (6144K), 6 survivors (6144K)
 Metaspace       used 29819K, committed 30336K, reserved 1114112K
  class space    used 3694K, committed 3904K, reserved 1048576K
}
Event: 4.089 GC heap before
{Heap before GC invocations=7 (full 0):
 garbage-first heap   total 82944K, used 65482K [0x0000000080000000, 0x0000000100000000)
  region size 1024K, 48 young (49152K), 6 survivors (6144K)
 Metaspace       used 35454K, committed 36160K, reserved 1114112K
  class space    used 4654K, committed 4992K, reserved 1048576K
}
Event: 4.098 GC heap after
{Heap after GC invocations=8 (full 0):
 garbage-first heap   total 100352K, used 26243K [0x0000000080000000, 0x0000000100000000)
  region size 1024K, 6 young (6144K), 6 survivors (6144K)
 Metaspace       used 35454K, committed 36160K, reserved 1114112K
  class space    used 4654K, committed 4992K, reserved 1048576K
}
Event: 4.131 GC heap before
{Heap before GC invocations=8 (full 0):
 garbage-first heap   total 100352K, used 28291K [0x0000000080000000, 0x0000000100000000)
  region size 1024K, 9 young (9216K), 6 survivors (6144K)
 Metaspace       used 35755K, committed 36480K, reserved 1114112K
  class space    used 4703K, committed 5056K, reserved 1048576K
}
Event: 4.136 GC heap after
{Heap after GC invocations=9 (full 0):
 garbage-first heap   total 100352K, used 26852K [0x0000000080000000, 0x0000000100000000)
  region size 1024K, 4 young (4096K), 4 survivors (4096K)
 Metaspace       used 35755K, committed 36480K, reserved 1114112K
  class space    used 4703K, committed 5056K, reserved 1048576K
}
Event: 4.945 GC heap before
{Heap before GC invocations=10 (full 0):
 garbage-first heap   total 92160K, used 90340K [0x0000000080000000, 0x0000000100000000)
  region size 1024K, 49 young (50176K), 4 survivors (4096K)
 Metaspace       used 40739K, committed 41728K, reserved 1114112K
  class space    used 5543K, committed 6016K, reserved 1048576K
}
Event: 4.954 GC heap after
{Heap after GC invocations=11 (full 0):
 garbage-first heap   total 105472K, used 54999K [0x0000000080000000, 0x0000000100000000)
  region size 1024K, 7 young (7168K), 7 survivors (7168K)
 Metaspace       used 40739K, committed 41728K, reserved 1114112K
  class space    used 5543K, committed 6016K, reserved 1048576K
}
Event: 5.881 GC heap before
{Heap before GC invocations=11 (full 0):
 garbage-first heap   total 105472K, used 90839K [0x0000000080000000, 0x0000000100000000)
  region size 1024K, 42 young (43008K), 7 survivors (7168K)
 Metaspace       used 44793K, committed 46016K, reserved 1114112K
  class space    used 6256K, committed 6848K, reserved 1048576K
}
Event: 5.888 GC heap after
{Heap after GC invocations=12 (full 0):
 garbage-first heap   total 105472K, used 56500K [0x0000000080000000, 0x0000000100000000)
  region size 1024K, 2 young (2048K), 2 survivors (2048K)
 Metaspace       used 44793K, committed 46016K, reserved 1114112K
  class space    used 6256K, committed 6848K, reserved 1048576K
}
Event: 6.437 GC heap before
{Heap before GC invocations=12 (full 0):
 garbage-first heap   total 105472K, used 91316K [0x0000000080000000, 0x0000000100000000)
  region size 1024K, 37 young (37888K), 2 survivors (2048K)
 Metaspace       used 50403K, committed 51776K, reserved 1114112K
  class space    used 6997K, committed 7680K, reserved 1048576K
}
Event: 6.445 GC heap after
{Heap after GC invocations=13 (full 0):
 garbage-first heap   total 105472K, used 59854K [0x0000000080000000, 0x0000000100000000)
  region size 1024K, 5 young (5120K), 5 survivors (5120K)
 Metaspace       used 50403K, committed 51776K, reserved 1114112K
  class space    used 6997K, committed 7680K, reserved 1048576K
}

Dll operation events (3 events):
Event: 0.009 Loaded shared library C:\Program Files\Android\Android Studio\jbr\bin\java.dll
Event: 0.015 Loaded shared library C:\Program Files\Android\Android Studio\jbr\bin\zip.dll
Event: 0.825 Loaded shared library C:\Program Files\Android\Android Studio\jbr\bin\verify.dll

Deoptimization events (20 events):
Event: 6.529 Thread 0x000001d7a9446270 Uncommon trap: trap_request=0xfffffff4 fr.pc=0x000001d7981ab6a4 relative=0x00000000000003e4
Event: 6.529 Thread 0x000001d7a9446270 Uncommon trap: reason=null_check action=make_not_entrant pc=0x000001d7981ab6a4 method=sun.invoke.util.VerifyType.isNullConversion(Ljava/lang/Class;Ljava/lang/Class;Z)Z @ 12 c2
Event: 6.529 Thread 0x000001d7a9446270 DEOPT PACKING pc=0x000001d7981ab6a4 sp=0x0000001afd9f7d30
Event: 6.529 Thread 0x000001d7a9446270 DEOPT UNPACKING pc=0x000001d797987aa2 sp=0x0000001afd9f7cd8 mode 2
Event: 6.529 Thread 0x000001d7a9446270 Uncommon trap: trap_request=0xffffff45 fr.pc=0x000001d7980d1564 relative=0x0000000000000764
Event: 6.529 Thread 0x000001d7a9446270 Uncommon trap: reason=unstable_if action=reinterpret pc=0x000001d7980d1564 method=java.lang.invoke.LambdaForm$BasicType.basicType(C)Ljava/lang/invoke/LambdaForm$BasicType; @ 1 c2
Event: 6.529 Thread 0x000001d7a9446270 DEOPT PACKING pc=0x000001d7980d1564 sp=0x0000001afd9f7e60
Event: 6.529 Thread 0x000001d7a9446270 DEOPT UNPACKING pc=0x000001d797987aa2 sp=0x0000001afd9f7d80 mode 2
Event: 6.531 Thread 0x000001d7a9446270 Uncommon trap: trap_request=0xffffff45 fr.pc=0x000001d798064c64 relative=0x0000000000000f24
Event: 6.531 Thread 0x000001d7a9446270 Uncommon trap: reason=unstable_if action=reinterpret pc=0x000001d798064c64 method=java.lang.invoke.LambdaForm$BasicType.basicType(C)Ljava/lang/invoke/LambdaForm$BasicType; @ 1 c2
Event: 6.531 Thread 0x000001d7a9446270 DEOPT PACKING pc=0x000001d798064c64 sp=0x0000001afd9f7e60
Event: 6.531 Thread 0x000001d7a9446270 DEOPT UNPACKING pc=0x000001d797987aa2 sp=0x0000001afd9f7c60 mode 2
Event: 6.531 Thread 0x000001d7a9446270 Uncommon trap: trap_request=0xffffff45 fr.pc=0x000001d7981332f0 relative=0x0000000000000670
Event: 6.531 Thread 0x000001d7a9446270 Uncommon trap: reason=unstable_if action=reinterpret pc=0x000001d7981332f0 method=java.lang.invoke.LambdaForm$BasicType.basicType(C)Ljava/lang/invoke/LambdaForm$BasicType; @ 1 c2
Event: 6.531 Thread 0x000001d7a9446270 DEOPT PACKING pc=0x000001d7981332f0 sp=0x0000001afd9f8280
Event: 6.531 Thread 0x000001d7a9446270 DEOPT UNPACKING pc=0x000001d797987aa2 sp=0x0000001afd9f8130 mode 2
Event: 6.531 Thread 0x000001d7a9446270 Uncommon trap: trap_request=0xffffff45 fr.pc=0x000001d797fdeaa8 relative=0x0000000000000108
Event: 6.531 Thread 0x000001d7a9446270 Uncommon trap: reason=unstable_if action=reinterpret pc=0x000001d797fdeaa8 method=jdk.internal.org.objectweb.asm.ByteVector.putShort(I)Ljdk/internal/org/objectweb/asm/ByteVector; @ 13 c2
Event: 6.531 Thread 0x000001d7a9446270 DEOPT PACKING pc=0x000001d797fdeaa8 sp=0x0000001afd9f7cc0
Event: 6.531 Thread 0x000001d7a9446270 DEOPT UNPACKING pc=0x000001d797987aa2 sp=0x0000001afd9f7c48 mode 2

Classes loaded (20 events):
Event: 6.511 Loading class java/lang/invoke/BoundMethodHandle$Species_LLLLIL
Event: 6.511 Loading class java/lang/invoke/BoundMethodHandle$Species_LLLLIL done
Event: 6.512 Loading class java/lang/invoke/BoundMethodHandle$Species_LLLLILL
Event: 6.512 Loading class java/lang/invoke/BoundMethodHandle$Species_LLLLILL done
Event: 6.514 Loading class java/lang/invoke/BoundMethodHandle$Species_LLLLILLL
Event: 6.514 Loading class java/lang/invoke/BoundMethodHandle$Species_LLLLILLL done
Event: 6.515 Loading class java/lang/invoke/BoundMethodHandle$Species_LLLLILLLL
Event: 6.515 Loading class java/lang/invoke/BoundMethodHandle$Species_LLLLILLLL done
Event: 6.516 Loading class java/lang/invoke/BoundMethodHandle$Species_LLLLILLLLL
Event: 6.516 Loading class java/lang/invoke/BoundMethodHandle$Species_LLLLILLLLL done
Event: 6.529 Loading class java/lang/invoke/MethodHandleImpl$Makers
Event: 6.529 Loading class java/lang/invoke/MethodHandleImpl$Makers done
Event: 6.529 Loading class java/lang/invoke/MethodHandleImpl$Makers$1
Event: 6.529 Loading class java/lang/invoke/MethodHandleImpl$Makers$1 done
Event: 6.529 Loading class java/lang/invoke/MethodHandleImpl$Makers$2
Event: 6.529 Loading class java/lang/invoke/MethodHandleImpl$Makers$2 done
Event: 6.529 Loading class java/lang/invoke/MethodHandleImpl$Makers$3
Event: 6.529 Loading class java/lang/invoke/MethodHandleImpl$Makers$3 done
Event: 6.529 Loading class java/lang/invoke/MethodHandleImpl$CountingWrapper
Event: 6.529 Loading class java/lang/invoke/MethodHandleImpl$CountingWrapper done

Classes unloaded (0 events):
No events

Classes redefined (0 events):
No events

Internal exceptions (20 events):
Event: 6.507 Thread 0x000001d7a9446270 Exception <a 'java/lang/NoSuchMethodError'{0x0000000085a51740}: 'java.lang.Object java.lang.invoke.DelegatingMethodHandle$Holder.reinvoke_L(java.lang.Object, java.lang.Object, java.lang.Object, java.lang.Object, int, java.lang.Object, java.lang.Object, java.lang.Object, java.lang.Object, java.lang.Object)'> (0x0000000085a51740) 
thrown [s\src\hotspot\share\interpreter\linkResolver.cpp, line 784]
Event: 6.510 Thread 0x000001d7a9446270 Exception <a 'java/lang/NoSuchMethodError'{0x0000000085a6fa48}: 'java.lang.Object java.lang.invoke.DirectMethodHandle$Holder.invokeStatic(java.lang.Object, java.lang.Object, java.lang.Object, java.lang.Object, java.lang.Object, java.lang.Object, java.lang.Object, int)'> (0x0000000085a6fa48) 
thrown [s\src\hotspot\share\interpreter\linkResolver.cpp, line 784]
Event: 6.524 Thread 0x000001d7a9446270 Exception <a 'java/lang/NoSuchMethodError'{0x000000008595e548}: 'java.lang.Object java.lang.invoke.DirectMethodHandle$Holder.invokeStaticInit(java.lang.Object, java.lang.Object, java.lang.Object, java.lang.Object, java.lang.Object)'> (0x000000008595e548) 
thrown [s\src\hotspot\share\interpreter\linkResolver.cpp, line 784]
Event: 6.524 Thread 0x000001d7a9446270 Exception <a 'java/lang/IncompatibleClassChangeError'{0x0000000085962930}: Found class java.lang.Object, but interface was expected> (0x0000000085962930) 
thrown [s\src\hotspot\share\interpreter\linkResolver.cpp, line 851]
Event: 6.524 Thread 0x000001d7a9446270 Exception <a 'java/lang/NoSuchMethodError'{0x00000000859641f0}: 'java.lang.Object java.lang.invoke.DirectMethodHandle$Holder.invokeInterface(java.lang.Object, java.lang.Object, java.lang.Object, java.lang.Object, java.lang.Object)'> (0x00000000859641f0) 
thrown [s\src\hotspot\share\interpreter\linkResolver.cpp, line 784]
Event: 6.524 Thread 0x000001d7a9446270 Exception <a 'java/lang/NoSuchMethodError'{0x0000000085968f68}: 'java.lang.Object java.lang.invoke.DirectMethodHandle$Holder.invokeInterface(java.lang.Object, java.lang.Object, java.lang.Object, java.lang.Object)'> (0x0000000085968f68) 
thrown [s\src\hotspot\share\interpreter\linkResolver.cpp, line 784]
Event: 6.525 Thread 0x000001d7a9446270 Exception <a 'java/lang/IncompatibleClassChangeError'{0x000000008596d770}: Found class java.lang.Object, but interface was expected> (0x000000008596d770) 
thrown [s\src\hotspot\share\interpreter\linkResolver.cpp, line 851]
Event: 6.525 Thread 0x000001d7a9446270 Exception <a 'java/lang/NoSuchMethodError'{0x000000008596f5a8}: 'java.lang.Object java.lang.invoke.DirectMethodHandle$Holder.invokeStatic(java.lang.Object, java.lang.Object, int, java.lang.Object, java.lang.Object)'> (0x000000008596f5a8) 
thrown [s\src\hotspot\share\interpreter\linkResolver.cpp, line 784]
Event: 6.525 Thread 0x000001d7a9446270 Exception <a 'java/lang/NoSuchMethodError'{0x0000000085974210}: 'java.lang.Object java.lang.invoke.DelegatingMethodHandle$Holder.reinvoke_L(java.lang.Object, java.lang.Object, int, java.lang.Object, java.lang.Object)'> (0x0000000085974210) 
thrown [s\src\hotspot\share\interpreter\linkResolver.cpp, line 784]
Event: 6.528 Thread 0x000001d7a9446270 Exception <a 'java/lang/NoSuchMethodError'{0x00000000859af318}: 'java.lang.Object java.lang.invoke.DirectMethodHandle$Holder.invokeStatic(java.lang.Object, int, java.lang.Object, java.lang.Object)'> (0x00000000859af318) 
thrown [s\src\hotspot\share\interpreter\linkResolver.cpp, line 784]
Event: 6.528 Thread 0x000001d7a9446270 Exception <a 'java/lang/NoSuchMethodError'{0x00000000859b3cc8}: 'java.lang.Object java.lang.invoke.DirectMethodHandle$Holder.invokeSpecial(java.lang.Object, java.lang.Object, int, java.lang.Object, java.lang.Object)'> (0x00000000859b3cc8) 
thrown [s\src\hotspot\share\interpreter\linkResolver.cpp, line 784]
Event: 6.528 Thread 0x000001d7a9446270 Exception <a 'java/lang/NoSuchMethodError'{0x00000000859b81a8}: 'java.lang.Object java.lang.invoke.DelegatingMethodHandle$Holder.delegate(java.lang.Object, int, java.lang.Object, java.lang.Object)'> (0x00000000859b81a8) 
thrown [s\src\hotspot\share\interpreter\linkResolver.cpp, line 784]
Event: 6.529 Thread 0x000001d7a9446270 Implicit null exception at 0x000001d7981ab2f8 to 0x000001d7981ab694
Event: 6.532 Thread 0x000001d7a9446270 Exception <a 'java/lang/NoSuchMethodError'{0x00000000859ddf70}: 'void java.lang.invoke.Invokers$Holder.invoke_MT(java.lang.Object, java.lang.Object, java.lang.Object, java.lang.Object)'> (0x00000000859ddf70) 
thrown [s\src\hotspot\share\interpreter\linkResolver.cpp, line 784]
Event: 6.556 Thread 0x000001d7a9446270 Exception <a 'java/lang/ClassNotFoundException'{0x000000008571ec60}: org/gradle/invocation/DefaultGradle_DecoratedBeanInfo> (0x000000008571ec60) 
thrown [s\src\hotspot\share\classfile\systemDictionary.cpp, line 312]
Event: 6.557 Thread 0x000001d7a9446270 Exception <a 'java/lang/ClassNotFoundException'{0x00000000857304d0}: org/gradle/invocation/DefaultGradleBeanInfo> (0x00000000857304d0) 
thrown [s\src\hotspot\share\classfile\systemDictionary.cpp, line 312]
Event: 6.557 Thread 0x000001d7a9446270 Exception <a 'java/lang/ClassNotFoundException'{0x0000000085742370}: org/gradle/api/internal/project/AbstractPluginAwareBeanInfo> (0x0000000085742370) 
thrown [s\src\hotspot\share\classfile\systemDictionary.cpp, line 312]
Event: 6.558 Thread 0x000001d7a9446270 Exception <a 'java/lang/ClassNotFoundException'{0x0000000085754260}: org/gradle/api/internal/project/AbstractPluginAwareCustomizer> (0x0000000085754260) 
thrown [s\src\hotspot\share\classfile\systemDictionary.cpp, line 312]
Event: 6.560 Thread 0x000001d7a9446270 Exception <a 'java/lang/ClassNotFoundException'{0x000000008576bcd8}: org/gradle/invocation/DefaultGradleCustomizer> (0x000000008576bcd8) 
thrown [s\src\hotspot\share\classfile\systemDictionary.cpp, line 312]
Event: 6.563 Thread 0x000001d7a9446270 Exception <a 'java/lang/ClassNotFoundException'{0x00000000857b1ab8}: org/gradle/invocation/DefaultGradle_DecoratedCustomizer> (0x00000000857b1ab8) 
thrown [s\src\hotspot\share\classfile\systemDictionary.cpp, line 312]

ZGC Phase Switch (0 events):
No events

VM Operations (20 events):
Event: 6.067 Executing VM operation: HandshakeAllThreads (Deoptimize)
Event: 6.067 Executing VM operation: HandshakeAllThreads (Deoptimize) done
Event: 6.067 Executing VM operation: HandshakeAllThreads (Deoptimize)
Event: 6.068 Executing VM operation: HandshakeAllThreads (Deoptimize) done
Event: 6.133 Executing VM operation: HandshakeAllThreads (Deoptimize)
Event: 6.133 Executing VM operation: HandshakeAllThreads (Deoptimize) done
Event: 6.273 Executing VM operation: ICBufferFull
Event: 6.273 Executing VM operation: ICBufferFull done
Event: 6.437 Executing VM operation: G1CollectForAllocation (G1 Evacuation Pause)
Event: 6.445 Executing VM operation: G1CollectForAllocation (G1 Evacuation Pause) done
Event: 6.492 Executing VM operation: HandshakeAllThreads (Deoptimize)
Event: 6.492 Executing VM operation: HandshakeAllThreads (Deoptimize) done
Event: 6.493 Executing VM operation: G1PauseRemark
Event: 6.498 Executing VM operation: G1PauseRemark done
Event: 6.505 Executing VM operation: HandshakeAllThreads (Deoptimize)
Event: 6.505 Executing VM operation: HandshakeAllThreads (Deoptimize) done
Event: 6.506 Executing VM operation: HandshakeAllThreads (Deoptimize)
Event: 6.506 Executing VM operation: HandshakeAllThreads (Deoptimize) done
Event: 6.513 Executing VM operation: G1PauseCleanup
Event: 6.514 Executing VM operation: G1PauseCleanup done

Memory protections (0 events):
No events

Nmethod flushes (20 events):
Event: 6.497 Thread 0x000001d7a4280450 flushing  nmethod 0x000001d79061c590
Event: 6.497 Thread 0x000001d7a4280450 flushing  nmethod 0x000001d79061d610
Event: 6.497 Thread 0x000001d7a4280450 flushing  nmethod 0x000001d790637310
Event: 6.497 Thread 0x000001d7a4280450 flushing  nmethod 0x000001d790638490
Event: 6.497 Thread 0x000001d7a4280450 flushing  nmethod 0x000001d79063d010
Event: 6.497 Thread 0x000001d7a4280450 flushing  nmethod 0x000001d79065db10
Event: 6.497 Thread 0x000001d7a4280450 flushing  nmethod 0x000001d79065eb90
Event: 6.497 Thread 0x000001d7a4280450 flushing  nmethod 0x000001d790661d90
Event: 6.497 Thread 0x000001d7a4280450 flushing  nmethod 0x000001d790662d90
Event: 6.497 Thread 0x000001d7a4280450 flushing  nmethod 0x000001d7906b8810
Event: 6.497 Thread 0x000001d7a4280450 flushing  nmethod 0x000001d790777490
Event: 6.497 Thread 0x000001d7a4280450 flushing  nmethod 0x000001d7907a0d90
Event: 6.497 Thread 0x000001d7a4280450 flushing  nmethod 0x000001d7907baa10
Event: 6.497 Thread 0x000001d7a4280450 flushing  nmethod 0x000001d790804210
Event: 6.497 Thread 0x000001d7a4280450 flushing  nmethod 0x000001d790805210
Event: 6.497 Thread 0x000001d7a4280450 flushing  nmethod 0x000001d790806110
Event: 6.497 Thread 0x000001d7a4280450 flushing  nmethod 0x000001d79082a410
Event: 6.497 Thread 0x000001d7a4280450 flushing  nmethod 0x000001d790852110
Event: 6.497 Thread 0x000001d7a4280450 flushing  nmethod 0x000001d790896210
Event: 6.497 Thread 0x000001d7a4280450 flushing  nmethod 0x000001d7908c9890

Events (20 events):
Event: 2.551 Thread 0x000001d7a97dbb30 Thread added: 0x000001d7a9446900
Event: 2.560 Thread 0x000001d7a97dbb30 Thread added: 0x000001d7a9446270
Event: 2.571 Thread 0x000001d7a9446270 Thread added: 0x000001d7a9446f90
Event: 2.576 Thread 0x000001d7a9446270 Thread added: 0x000001d7a9448340
Event: 2.583 Thread 0x000001d7a9446270 Thread added: 0x000001d7a9447620
Event: 2.994 Thread 0x000001d7a9446270 Thread added: 0x000001d7a94489d0
Event: 3.005 Thread 0x000001d7a9446270 Thread added: 0x000001d7a9447cb0
Event: 3.070 Thread 0x000001d7a9446270 Thread added: 0x000001d7a9449060
Event: 4.127 Thread 0x000001d7a9446270 Thread added: 0x000001d7abbaba60
Event: 4.197 Thread 0x000001d7a9446270 Thread added: 0x000001d7abbace10
Event: 4.390 Thread 0x000001d7a9446270 Thread added: 0x000001d7abbaa020
Event: 4.395 Thread 0x000001d7a9446270 Thread added: 0x000001d7abbaa6b0
Event: 4.493 Thread 0x000001d7a9446270 Thread added: 0x000001d7abbaad40
Event: 4.493 Thread 0x000001d7a9446270 Thread added: 0x000001d7abbab3d0
Event: 4.493 Thread 0x000001d7a9446270 Thread added: 0x000001d7abbac0f0
Event: 4.493 Thread 0x000001d7a9446270 Thread added: 0x000001d7ad77d140
Event: 5.080 Thread 0x000001d7a9446270 Thread added: 0x000001d7ad77de60
Event: 5.130 Thread 0x000001d7a9446270 Thread added: 0x000001d7ad77b070
Event: 5.822 Thread 0x000001d7a9446270 Thread added: 0x000001d7ad77d7d0
Event: 5.881 Thread 0x000001d7a9446270 Thread added: 0x000001d7ad77c420


Dynamic libraries:
0x00007ff6f7980000 - 0x00007ff6f798a000 	C:\Program Files\Android\Android Studio\jbr\bin\java.exe
0x00007ff88ac70000 - 0x00007ff88ae87000 	C:\WINDOWS\SYSTEM32\ntdll.dll
0x00007ff889d20000 - 0x00007ff889de4000 	C:\WINDOWS\System32\KERNEL32.DLL
0x00007ff888110000 - 0x00007ff8884e2000 	C:\WINDOWS\System32\KERNELBASE.dll
0x00007ff887ff0000 - 0x00007ff888101000 	C:\WINDOWS\System32\ucrtbase.dll
0x00007ff8825e0000 - 0x00007ff8825fb000 	C:\Program Files\Android\Android Studio\jbr\bin\VCRUNTIME140.dll
0x00007ff85afe0000 - 0x00007ff85aff8000 	C:\Program Files\Android\Android Studio\jbr\bin\jli.dll
0x00007ff88a4a0000 - 0x00007ff88a651000 	C:\WINDOWS\System32\USER32.dll
0x00007ff86eeb0000 - 0x00007ff86f14b000 	C:\WINDOWS\WinSxS\amd64_microsoft.windows.common-controls_6595b64144ccf1df_6.0.22621.5547_none_27104afb73855772\COMCTL32.dll
0x00007ff888520000 - 0x00007ff888546000 	C:\WINDOWS\System32\win32u.dll
0x00007ff88ab30000 - 0x00007ff88abd7000 	C:\WINDOWS\System32\msvcrt.dll
0x00007ff889b00000 - 0x00007ff889b29000 	C:\WINDOWS\System32\GDI32.dll
0x00007ff8887d0000 - 0x00007ff8888f3000 	C:\WINDOWS\System32\gdi32full.dll
0x00007ff887d60000 - 0x00007ff887dfa000 	C:\WINDOWS\System32\msvcp_win.dll
0x00007ff889bb0000 - 0x00007ff889be1000 	C:\WINDOWS\System32\IMM32.DLL
0x00007ff8825d0000 - 0x00007ff8825dc000 	C:\Program Files\Android\Android Studio\jbr\bin\vcruntime140_1.dll
0x00007ff818d30000 - 0x00007ff818dbd000 	C:\Program Files\Android\Android Studio\jbr\bin\msvcp140.dll
0x00007ff81a350000 - 0x00007ff81afe6000 	C:\Program Files\Android\Android Studio\jbr\bin\server\jvm.dll
0x00007ff88aa60000 - 0x00007ff88ab11000 	C:\WINDOWS\System32\ADVAPI32.dll
0x00007ff88a320000 - 0x00007ff88a3c8000 	C:\WINDOWS\System32\sechost.dll
0x00007ff8884f0000 - 0x00007ff888518000 	C:\WINDOWS\System32\bcrypt.dll
0x00007ff889c00000 - 0x00007ff889d14000 	C:\WINDOWS\System32\RPCRT4.dll
0x00007ff889df0000 - 0x00007ff889e61000 	C:\WINDOWS\System32\WS2_32.dll
0x00007ff887c30000 - 0x00007ff887c7d000 	C:\WINDOWS\SYSTEM32\POWRPROF.dll
0x00007ff882bb0000 - 0x00007ff882be4000 	C:\WINDOWS\SYSTEM32\WINMM.dll
0x00007ff8812c0000 - 0x00007ff8812ca000 	C:\WINDOWS\SYSTEM32\VERSION.dll
0x00007ff887c10000 - 0x00007ff887c23000 	C:\WINDOWS\SYSTEM32\UMPDC.dll
0x00007ff886d60000 - 0x00007ff886d78000 	C:\WINDOWS\SYSTEM32\kernel.appcore.dll
0x00007ff881620000 - 0x00007ff88162a000 	C:\Program Files\Android\Android Studio\jbr\bin\jimage.dll
0x00007ff8856d0000 - 0x00007ff885903000 	C:\WINDOWS\SYSTEM32\DBGHELP.DLL
0x00007ff889e70000 - 0x00007ff88a203000 	C:\WINDOWS\System32\combase.dll
0x00007ff8895a0000 - 0x00007ff889677000 	C:\WINDOWS\System32\OLEAUT32.dll
0x00007ff86cad0000 - 0x00007ff86cb02000 	C:\WINDOWS\SYSTEM32\dbgcore.DLL
0x00007ff887f70000 - 0x00007ff887feb000 	C:\WINDOWS\System32\bcryptPrimitives.dll
0x00007ff8721e0000 - 0x00007ff8721ee000 	C:\Program Files\Android\Android Studio\jbr\bin\instrument.dll
0x00007ff881600000 - 0x00007ff881620000 	C:\Program Files\Android\Android Studio\jbr\bin\java.dll
0x00007ff872e30000 - 0x00007ff872e48000 	C:\Program Files\Android\Android Studio\jbr\bin\zip.dll
0x00007ff888900000 - 0x00007ff8891a2000 	C:\WINDOWS\System32\SHELL32.dll
0x00007ff888550000 - 0x00007ff88868f000 	C:\WINDOWS\System32\wintypes.dll
0x00007ff885c40000 - 0x00007ff88655d000 	C:\WINDOWS\SYSTEM32\windows.storage.dll
0x00007ff88a8a0000 - 0x00007ff88a9ac000 	C:\WINDOWS\System32\SHCORE.dll
0x00007ff889230000 - 0x00007ff889299000 	C:\WINDOWS\System32\shlwapi.dll
0x00007ff887c90000 - 0x00007ff887cbb000 	C:\WINDOWS\SYSTEM32\profapi.dll
0x00007ff8738e0000 - 0x00007ff8738f0000 	C:\Program Files\Android\Android Studio\jbr\bin\net.dll
0x00007ff884570000 - 0x00007ff88469c000 	C:\WINDOWS\SYSTEM32\WINHTTP.dll
0x00007ff8871f0000 - 0x00007ff887259000 	C:\WINDOWS\system32\mswsock.dll
0x00007ff872240000 - 0x00007ff872256000 	C:\Program Files\Android\Android Studio\jbr\bin\nio.dll
0x00007ff872f90000 - 0x00007ff872fa0000 	C:\Program Files\Android\Android Studio\jbr\bin\verify.dll
0x00007ff85abf0000 - 0x00007ff85ac17000 	C:\Users\Alvin Brandon\.gradle\native\660c5614fbf4a5f2a75b1949f50a0caf5cd603558e7d8a26e50b933a0cfb79d1\windows-amd64\native-platform.dll
0x00007ff852fc0000 - 0x00007ff853037000 	C:\Users\Alvin Brandon\.gradle\native\0.2.8\x86_64-windows-gnu\gradle-fileevents.dll
0x00007ff873860000 - 0x00007ff873869000 	C:\Program Files\Android\Android Studio\jbr\bin\management.dll
0x00007ff873180000 - 0x00007ff87318b000 	C:\Program Files\Android\Android Studio\jbr\bin\management_ext.dll
0x00007ff889bf0000 - 0x00007ff889bf8000 	C:\WINDOWS\System32\PSAPI.DLL
0x00007ff886800000 - 0x00007ff88682d000 	C:\WINDOWS\SYSTEM32\IPHLPAPI.DLL
0x00007ff88a6c0000 - 0x00007ff88a6c9000 	C:\WINDOWS\System32\NSI.dll
0x00007ff8738c0000 - 0x00007ff8738c9000 	C:\Program Files\Android\Android Studio\jbr\bin\extnet.dll
0x00007ff887460000 - 0x00007ff88747b000 	C:\WINDOWS\SYSTEM32\CRYPTSP.dll
0x00007ff886cc0000 - 0x00007ff886cf7000 	C:\WINDOWS\system32\rsaenh.dll
0x00007ff887300000 - 0x00007ff887328000 	C:\WINDOWS\SYSTEM32\USERENV.dll
0x00007ff887480000 - 0x00007ff88748c000 	C:\WINDOWS\SYSTEM32\CRYPTBASE.dll
0x00007ff85d6b0000 - 0x00007ff85d6b8000 	C:\WINDOWS\system32\wshunix.dll

JVMTI agents:
C:\Users\Alvin Brandon\.gradle\wrapper\dists\gradle-9.3.1-bin\23ovyewtku6u96viwx3xl3oks\gradle-9.3.1\lib\agents\gradle-instrumentation-agent-9.3.1.jar path:C:\Program Files\Android\Android Studio\jbr\bin\instrument.dll, loaded, initialized, instrumentlib options:none

dbghelp: loaded successfully - version: 4.0.5 - missing functions: none
symbol engine: initialized successfully - sym options: 0x614 - pdb path: .;C:\Program Files\Android\Android Studio\jbr\bin;C:\WINDOWS\SYSTEM32;C:\WINDOWS\WinSxS\amd64_microsoft.windows.common-controls_6595b64144ccf1df_6.0.22621.5547_none_27104afb73855772;C:\Program Files\Android\Android Studio\jbr\bin\server;C:\Users\Alvin Brandon\.gradle\native\660c5614fbf4a5f2a75b1949f50a0caf5cd603558e7d8a26e50b933a0cfb79d1\windows-amd64;C:\Users\Alvin Brandon\.gradle\native\0.2.8\x86_64-windows-gnu

VM Arguments:
jvm_args: --add-opens=java.base/java.lang=ALL-UNNAMED --add-opens=java.base/java.lang.invoke=ALL-UNNAMED --add-opens=java.base/java.util=ALL-UNNAMED --add-opens=java.prefs/java.util.prefs=ALL-UNNAMED --add-exports=jdk.compiler/com.sun.tools.javac.api=ALL-UNNAMED --add-exports=jdk.compiler/com.sun.tools.javac.util=ALL-UNNAMED --add-opens=java.base/java.util=ALL-UNNAMED --add-opens=java.prefs/java.util.prefs=ALL-UNNAMED --add-opens=java.base/java.nio.charset=ALL-UNNAMED --add-opens=java.base/java.net=ALL-UNNAMED --add-opens=java.base/java.util.concurrent=ALL-UNNAMED --add-opens=java.base/java.util.concurrent.atomic=ALL-UNNAMED --add-opens=java.xml/javax.xml.namespace=ALL-UNNAMED --add-opens=java.base/java.time=ALL-UNNAMED -Xmx2048m -Dfile.encoding=UTF-8 -Duser.country=US -Duser.language=en -Duser.variant -javaagent:C:\Users\Alvin Brandon\.gradle\wrapper\dists\gradle-9.3.1-bin\23ovyewtku6u96viwx3xl3oks\gradle-9.3.1\lib\agents\gradle-instrumentation-agent-9.3.1.jar 
java_command: org.gradle.launcher.daemon.bootstrap.GradleDaemon 9.3.1
java_class_path (initial): C:\Users\Alvin Brandon\.gradle\wrapper\dists\gradle-9.3.1-bin\23ovyewtku6u96viwx3xl3oks\gradle-9.3.1\lib\gradle-daemon-main-9.3.1.jar
Launcher Type: SUN_STANDARD

[Global flags]
     intx CICompilerCount                          = 3                                         {product} {ergonomic}
     uint ConcGCThreads                            = 1                                         {product} {ergonomic}
     uint G1ConcRefinementThreads                  = 4                                         {product} {ergonomic}
   size_t G1HeapRegionSize                         = 1048576                                   {product} {ergonomic}
    uintx GCDrainStackTargetSize                   = 64                                        {product} {ergonomic}
   size_t InitialHeapSize                          = 130023424                                 {product} {ergonomic}
   size_t MarkStackSize                            = 4194304                                   {product} {ergonomic}
   size_t MaxHeapSize                              = 2147483648                                {product} {command line}
   size_t MaxNewSize                               = 1287651328                                {product} {ergonomic}
   size_t MinHeapDeltaBytes                        = 1048576                                   {product} {ergonomic}
   size_t MinHeapSize                              = 8388608                                   {product} {ergonomic}
    uintx NonNMethodCodeHeapSize                   = 5832780                                {pd product} {ergonomic}
    uintx NonProfiledCodeHeapSize                  = 122912730                              {pd product} {ergonomic}
    uintx ProfiledCodeHeapSize                     = 122912730                              {pd product} {ergonomic}
    uintx ReservedCodeCacheSize                    = 251658240                              {pd product} {ergonomic}
     bool SegmentedCodeCache                       = true                                      {product} {ergonomic}
   size_t SoftMaxHeapSize                          = 2147483648                             {manageable} {ergonomic}
     bool UseCompressedOops                        = true                           {product lp64_product} {ergonomic}
     bool UseG1GC                                  = true                                      {product} {ergonomic}
     bool UseLargePagesIndividualAllocation        = false                                  {pd product} {ergonomic}

Logging:
Log output configuration:
 #0: stdout all=warning uptime,level,tags foldmultilines=false
 #1: stderr all=off uptime,level,tags foldmultilines=false

Release file:
JAVA_VERSION="21.0.9" 
MODULES="java.base java.compiler java.datatransfer java.xml java.prefs java.desktop java.instrument java.logging java.management java.security.sasl java.naming java.rmi java.management.rmi java.net.http java.scripting java.security.jgss java.transaction.xa java.sql java.sql.rowset java.xml.crypto java.se java.smartcardio jdk.accessibility jdk.internal.jvmstat jdk.attach jdk.charsets jdk.internal.opt jdk.zipfs jdk.compiler jdk.crypto.ec jdk.crypto.cryptoki jdk.dynalink jdk.hotspot.agent jdk.httpserver jdk.internal.ed jdk.internal.le jdk.internal.vm.ci jdk.jartool jdk.javadoc jdk.jcmd jdk.jdeps jdk.jdwp.agent jdk.jdi jdk.jfr jdk.jlink jdk.jsobject jdk.localedata jdk.management jdk.management.agent jdk.management.jfr jdk.naming.dns jdk.naming.rmi jdk.net jdk.sctp jdk.security.auth jdk.security.jgss jdk.unsupported jdk.unsupported.desktop jdk.xml.dom" 
IMPLEMENTOR="JetBrains s.r.o." 
JAVA_RUNTIME_VERSION="21.0.9+-14649483-b1163.86" 
LIBC="default" 
OS_ARCH="x86_64" 
OS_NAME="Windows" 
SOURCE=".:git:554d0c326095" 

Environment Variables:
JAVA_HOME=C:\Program Files\Eclipse Adoptium\jdk-17.0.14.7-hotspot\
PATH=C:\Program Files\Eclipse Adoptium\jdk-17.0.14.7-hotspot\bin;C:\Program Files (x86)\Common Files\Intel\Shared Libraries\redist\intel64\compiler;C:\WINDOWS\system32;C:\WINDOWS;C:\WINDOWS\System32\Wbem;C:\WINDOWS\System32\WindowsPowerShell\v1.0\;C:\WINDOWS\System32\OpenSSH\;C:\xampp\php;C:\Program Files\Git\cmd;C:\composer;C:\Program Files\nodejs\;C:\Users\Alvin Brandon\AppData\Local\Microsoft\WindowsApps;C:\MinGW\bin;C:\MinGW\bin;C:\Users\Alvin Brandon\AppData\Roaming\Composer\vendor\bin;C:\Users\Alvin Brandon\AppData\Local\Programs\Microsoft VS Code\bin;C:\Users\Alvin Brandon\AppData\Local\GitHubDesktop\bin;C:\Users\Alvin Brandon\AppData\Roaming\npm
USERNAME=Alvin Brandon
OS=Windows_NT
PROCESSOR_IDENTIFIER=Intel64 Family 6 Model 140 Stepping 1, GenuineIntel
TMP=C:\Users\ALVINB~1\AppData\Local\Temp
TEMP=C:\Users\ALVINB~1\AppData\Local\Temp




Periodic native trim disabled

JNI global refs:
JNI global refs: 25, weak refs: 0

JNI global refs memory usage: 835, weak refs: 833

Process memory usage:
Resident Set Size: 294872K (3% of 8117024K total physical memory with 469556K free physical memory)

OOME stack traces (most recent first):
Classloader memory used:
Loader org.gradle.internal.classloader.VisitableURLClassLoader                         : 24686K
Loader bootstrap                                                                       : 20776K
Loader org.gradle.initialization.MixInLegacyTypesClassLoader                           : 4699K
Loader org.gradle.internal.classloader.VisitableURLClassLoader                         : 764K
Loader jdk.internal.loader.ClassLoaders$AppClassLoader                                 : 229K
Loader jdk.internal.reflect.DelegatingClassLoader                                      : 189K
Loader jdk.internal.loader.ClassLoaders$PlatformClassLoader                            : 130K
Loader org.gradle.groovy.scripts.internal.DefaultScriptCompilationHandler$ScriptClassLoader: 11304B

Classes loaded by more than one classloader:
Class org.gradle.internal.IoActions                                                   : loaded 3 times (x 71B)
Class org.gradle.api.Action                                                           : loaded 3 times (x 70B)
Class org.gradle.api.GradleException                                                  : loaded 3 times (x 82B)
Class org.gradle.api.internal.classpath.ManifestUtil                                  : loaded 2 times (x 71B)
Class org.gradle.internal.operations.MultipleBuildOperationFailures                   : loaded 2 times (x 95B)
Class org.gradle.internal.classloader.DefaultClassLoaderFactory                       : loaded 2 times (x 82B)
Class kotlin.collections.AbstractList$Companion                                       : loaded 2 times (x 71B)
Class org.gradle.internal.classloader.ClassLoaderVisitor                              : loaded 2 times (x 76B)
Class org.gradle.api.internal.classpath.EffectiveClassPath                            : loaded 2 times (x 90B)
Class org.gradle.api.internal.DefaultClassPathProvider                                : loaded 2 times (x 76B)
Class [Lorg.gradle.api.internal.ClassPathProvider;                                    : loaded 2 times (x 69B)
Class org.gradle.api.internal.ClassPathProvider                                       : loaded 2 times (x 70B)
Class org.gradle.internal.service.UnknownServiceException                             : loaded 2 times (x 83B)
Class org.gradle.internal.classpath.TransformedClassPath                              : loaded 2 times (x 96B)
Class org.gradle.internal.classloader.InstrumentingClassLoader                        : loaded 2 times (x 70B)
Class kotlin.enums.EnumEntriesList                                                    : loaded 2 times (x 223B)
Class org.gradle.internal.service.ServiceLocator                                      : loaded 2 times (x 70B)
Class org.gradle.internal.time.DefaultTimer                                           : loaded 2 times (x 80B)
Class org.gradle.internal.classloader.ClasspathUtil$1                                 : loaded 2 times (x 76B)
Class org.gradle.api.internal.classpath.DefaultModuleRegistry$DefaultModule           : loaded 2 times (x 86B)
Class org.gradle.internal.time.DefaultCountdownTimer                                  : loaded 2 times (x 88B)
Class org.gradle.api.internal.classpath.Module                                        : loaded 2 times (x 70B)
Class org.gradle.api.internal.classpath.UnknownModuleException                        : loaded 2 times (x 82B)
Class org.gradle.api.internal.DefaultClassPathRegistry                                : loaded 2 times (x 76B)
Class org.gradle.api.internal.ClassPathRegistry                                       : loaded 2 times (x 70B)
Class org.gradle.internal.classpath.DefaultClassPath$ImmutableUniqueList              : loaded 2 times (x 199B)
Class org.gradle.internal.classpath.ClassPath                                         : loaded 2 times (x 70B)
Class org.gradle.internal.classloader.ClassLoaderHierarchy                            : loaded 2 times (x 70B)
Class org.gradle.api.internal.classpath.ModuleRegistry                                : loaded 2 times (x 70B)
Class org.gradle.internal.installation.GradleInstallation$1                           : loaded 2 times (x 75B)
Class org.gradle.api.internal.classpath.DefaultModuleRegistry                         : loaded 2 times (x 86B)
Class org.gradle.internal.time.MonotonicClock                                         : loaded 2 times (x 77B)
Class org.gradle.internal.service.ServiceLookupException                              : loaded 2 times (x 82B)
Class org.gradle.internal.classloader.ClassLoaderFactory                              : loaded 2 times (x 70B)
Class org.gradle.internal.service.CachingServiceLocator                               : loaded 2 times (x 82B)
Class org.gradle.internal.time.TimeSource                                             : loaded 2 times (x 70B)
Class kotlin.enums.EnumEntries                                                        : loaded 2 times (x 70B)
Class org.gradle.internal.exceptions.ResolutionProvider                               : loaded 2 times (x 70B)
Class org.gradle.internal.classloader.ClasspathUtil                                   : loaded 2 times (x 71B)
Class org.gradle.internal.time.TimeSource$1                                           : loaded 2 times (x 77B)
Class kotlin.jvm.internal.DefaultConstructorMarker                                    : loaded 2 times (x 71B)
Class org.gradle.api.specs.Spec                                                       : loaded 2 times (x 70B)
Class org.gradle.internal.time.Clock                                                  : loaded 2 times (x 70B)
Class kotlin.collections.AbstractList                                                 : loaded 2 times (x 197B)
Class kotlin.collections.AbstractCollection                                           : loaded 2 times (x 117B)
Class org.gradle.internal.classloader.VisitableURLClassLoader$InstrumentingVisitableURLClassLoader: loaded 2 times (x 123B)
Class org.gradle.internal.classloader.VisitableURLClassLoader$Spec                    : loaded 2 times (x 74B)
Class org.gradle.internal.classpath.DefaultClassPath                                  : loaded 2 times (x 90B)
Class org.gradle.util.internal.DefaultGradleVersion                                   : loaded 2 times (x 82B)
Class org.gradle.internal.classloader.ClassLoaderSpec                                 : loaded 2 times (x 71B)
Class org.gradle.internal.classloader.VisitableURLClassLoader                         : loaded 2 times (x 117B)
Class org.gradle.internal.classloader.FilteringClassLoader                            : loaded 2 times (x 105B)
Class org.gradle.internal.Cast                                                        : loaded 2 times (x 71B)
Class org.gradle.internal.classpath.DefaultClassPath$ImmutableUniqueList$Builder      : loaded 2 times (x 75B)
Class kotlin.UninitializedPropertyAccessException                                     : loaded 2 times (x 82B)
Class org.gradle.internal.exceptions.NonGradleCauseExceptionsHolder                   : loaded 2 times (x 70B)
Class kotlin.NotImplementedError                                                      : loaded 2 times (x 82B)
Class kotlin.enums.EnumEntriesKt                                                      : loaded 2 times (x 71B)
Class org.gradle.internal.classloader.SystemClassLoaderSpec                           : loaded 2 times (x 71B)
Class org.gradle.internal.exceptions.MultiCauseException                              : loaded 2 times (x 70B)
Class org.gradle.internal.time.CountdownTimer                                         : loaded 2 times (x 70B)
Class kotlin.jvm.internal.Intrinsics                                                  : loaded 2 times (x 71B)
Class org.gradle.tooling.model.ProjectModel                                           : loaded 2 times (x 70B)
Class kotlin.KotlinNullPointerException                                               : loaded 2 times (x 83B)
Class org.gradle.internal.exceptions.DefaultMultiCauseException                       : loaded 2 times (x 95B)
Class org.gradle.internal.time.Time                                                   : loaded 2 times (x 71B)
Class org.gradle.api.internal.classpath.GlobalCacheRootsProvider                      : loaded 2 times (x 70B)
Class kotlin.NoWhenBranchMatchedException                                             : loaded 2 times (x 82B)
Class org.gradle.internal.time.Timer                                                  : loaded 2 times (x 70B)
Class kotlin.jvm.internal.markers.KMappedMarker                                       : loaded 2 times (x 70B)
Class org.gradle.internal.installation.CurrentGradleInstallationLocator               : loaded 2 times (x 71B)
Class org.gradle.internal.service.DefaultServiceLocator                               : loaded 2 times (x 83B)
Class org.gradle.util.GradleVersion                                                   : loaded 2 times (x 81B)
Class org.gradle.internal.installation.CurrentGradleInstallation                      : loaded 2 times (x 73B)
Class org.gradle.util.internal.GUtil                                                  : loaded 2 times (x 71B)
Class org.gradle.internal.installation.GradleInstallation                             : loaded 2 times (x 75B)

---------------  S Y S T E M  ---------------

OS:
 Windows 11 , 64 bit Build 22621 (10.0.22621.5415)
OS uptime: 5 days 12:54 hours
Hyper-V role detected

CPU: total 4 (initial active 4) (2 cores per cpu, 2 threads per core) family 6 model 140 stepping 1 microcode 0xbc, cx8, cmov, fxsr, ht, mmx, 3dnowpref, sse, sse2, sse3, ssse3, sse4.1, sse4.2, popcnt, lzcnt, tsc, tscinvbit, avx, avx2, aes, erms, clmul, bmi1, bmi2, adx, avx512f, avx512dq, avx512cd, avx512bw, avx512vl, sha, fma, vzeroupper, avx512_vpopcntdq, avx512_vpclmulqdq, avx512_vaes, avx512_vnni, clflush, clflushopt, clwb, avx512_vbmi2, avx512_vbmi, hv, rdtscp, rdpid, fsrm, gfni, avx512_bitalg, f16c, cet_ibt, cet_ss, avx512_ifma
Processor Information for the first 4 processors :
  Max Mhz: 2995, Current Mhz: 2995, Mhz Limit: 2995

Memory: 4k page, system-wide physical 7926M (458M free)
TotalPageFile size 21322M (AvailPageFile size 5205M)
current process WorkingSet (physical memory assigned to process): 288M, peak: 288M
current process commit charge ("private bytes"): 316M, peak: 317M

vm_info: OpenJDK 64-Bit Server VM (21.0.9+-14649483-b1163.86) for windows-amd64 JRE (21.0.9+-14649483-b1163.86), built on 2025-12-30T22:08:35Z by "builder" with MS VC++ 16.10 / 16.11 (VS2019)

END.
